ERROR 2021-05-15 23:43:02,888 log 230 Internal Server Error: /createuser/
Traceback (most recent call last):
  File "D:\PythonProject\Zeyou\venv\lib\site-packages\rest_framework\views.py", line 506, in dispatch
    response = handler(request, *args, **kwargs)
  File "D:\PythonProject\Zeyou\venv\lib\site-packages\rest_framework\generics.py", line 190, in post
    return self.create(request, *args, **kwargs)
  File "D:\PythonProject\Zeyou\venv\lib\site-packages\rest_framework\mixins.py", line 18, in create
    serializer.is_valid(raise_exception=True)
  File "D:\PythonProject\Zeyou\venv\lib\site-packages\rest_framework\serializers.py", line 228, in is_valid
    raise ValidationError(self.errors)
rest_framework.exceptions.ValidationError: {'password': [ErrorDetail(string='Please enter a eight-twelve digit password', code='min_length')], 'password2': [ErrorDetail(string='Ensure this field has at least 8 characters.', code='min_length')]}

During handling of the above exception, another exception occurred:

Traceback (most recent call last):
  File "D:\PythonProject\Zeyou\venv\lib\site-packages\rest_framework\settings.py", line 177, in import_from_string
    return import_string(val)
  File "D:\PythonProject\Zeyou\venv\lib\site-packages\django\utils\module_loading.py", line 17, in import_string
    module = import_module(module_path)
  File "D:\Anaconda3\lib\importlib\__init__.py", line 127, in import_module
    return _bootstrap._gcd_import(name[level:], package, level)
  File "<frozen importlib._bootstrap>", line 1006, in _gcd_import
  File "<frozen importlib._bootstrap>", line 983, in _find_and_load
  File "<frozen importlib._bootstrap>", line 953, in _find_and_load_unlocked
  File "<frozen importlib._bootstrap>", line 219, in _call_with_frames_removed
  File "<frozen importlib._bootstrap>", line 1006, in _gcd_import
  File "<frozen importlib._bootstrap>", line 983, in _find_and_load
  File "<frozen importlib._bootstrap>", line 953, in _find_and_load_unlocked
  File "<frozen importlib._bootstrap>", line 219, in _call_with_frames_removed
  File "<frozen importlib._bootstrap>", line 1006, in _gcd_import
  File "<frozen importlib._bootstrap>", line 983, in _find_and_load
  File "<frozen importlib._bootstrap>", line 965, in _find_and_load_unlocked
ModuleNotFoundError: No module named 'HezeSite'

During handling of the above exception, another exception occurred:

Traceback (most recent call last):
  File "D:\PythonProject\Zeyou\venv\lib\site-packages\django\core\handlers\exception.py", line 47, in inner
    response = get_response(request)
  File "D:\PythonProject\Zeyou\venv\lib\site-packages\django\core\handlers\base.py", line 181, in _get_response
    response = wrapped_callback(request, *callback_args, **callback_kwargs)
  File "D:\PythonProject\Zeyou\venv\lib\site-packages\django\views\decorators\csrf.py", line 54, in wrapped_view
    return view_func(*args, **kwargs)
  File "D:\PythonProject\Zeyou\venv\lib\site-packages\django\views\generic\base.py", line 70, in view
    return self.dispatch(request, *args, **kwargs)
  File "D:\PythonProject\Zeyou\venv\lib\site-packages\rest_framework\views.py", line 509, in dispatch
    response = self.handle_exception(exc)
  File "D:\PythonProject\Zeyou\venv\lib\site-packages\rest_framework\views.py", line 463, in handle_exception
    exception_handler = self.get_exception_handler()
  File "D:\PythonProject\Zeyou\venv\lib\site-packages\rest_framework\views.py", line 298, in get_exception_handler
    return self.settings.EXCEPTION_HANDLER
  File "D:\PythonProject\Zeyou\venv\lib\site-packages\rest_framework\settings.py", line 225, in __getattr__
    val = perform_import(val, attr)
  File "D:\PythonProject\Zeyou\venv\lib\site-packages\rest_framework\settings.py", line 166, in perform_import
    return import_from_string(val, setting_name)
  File "D:\PythonProject\Zeyou\venv\lib\site-packages\rest_framework\settings.py", line 180, in import_from_string
    raise ImportError(msg)
ImportError: Could not import 'HezeSite.utils.exceptions.exception_handler' for API setting 'EXCEPTION_HANDLER'. ModuleNotFoundError: No module named 'HezeSite'.
ERROR 2021-05-15 23:43:03,338 log 230 Internal Server Error: /filterDepartment/
Traceback (most recent call last):
  File "D:\PythonProject\Zeyou\venv\lib\site-packages\django\utils\datastructures.py", line 76, in __getitem__
    list_ = super().__getitem__(key)
KeyError: 'department'

During handling of the above exception, another exception occurred:

Traceback (most recent call last):
  File "D:\PythonProject\Zeyou\venv\lib\site-packages\rest_framework\views.py", line 506, in dispatch
    response = handler(request, *args, **kwargs)
  File "D:\PythonProject\Zeyou\Zeyou\ZeyouSite\apps\users\views.py", line 94, in post
    department = data['department']
  File "D:\PythonProject\Zeyou\venv\lib\site-packages\django\utils\datastructures.py", line 78, in __getitem__
    raise MultiValueDictKeyError(key)
django.utils.datastructures.MultiValueDictKeyError: 'department'

During handling of the above exception, another exception occurred:

Traceback (most recent call last):
  File "D:\PythonProject\Zeyou\venv\lib\site-packages\rest_framework\settings.py", line 177, in import_from_string
    return import_string(val)
  File "D:\PythonProject\Zeyou\venv\lib\site-packages\django\utils\module_loading.py", line 17, in import_string
    module = import_module(module_path)
  File "D:\Anaconda3\lib\importlib\__init__.py", line 127, in import_module
    return _bootstrap._gcd_import(name[level:], package, level)
  File "<frozen importlib._bootstrap>", line 1006, in _gcd_import
  File "<frozen importlib._bootstrap>", line 983, in _find_and_load
  File "<frozen importlib._bootstrap>", line 953, in _find_and_load_unlocked
  File "<frozen importlib._bootstrap>", line 219, in _call_with_frames_removed
  File "<frozen importlib._bootstrap>", line 1006, in _gcd_import
  File "<frozen importlib._bootstrap>", line 983, in _find_and_load
  File "<frozen importlib._bootstrap>", line 953, in _find_and_load_unlocked
  File "<frozen importlib._bootstrap>", line 219, in _call_with_frames_removed
  File "<frozen importlib._bootstrap>", line 1006, in _gcd_import
  File "<frozen importlib._bootstrap>", line 983, in _find_and_load
  File "<frozen importlib._bootstrap>", line 965, in _find_and_load_unlocked
ModuleNotFoundError: No module named 'HezeSite'

During handling of the above exception, another exception occurred:

Traceback (most recent call last):
  File "D:\PythonProject\Zeyou\venv\lib\site-packages\django\core\handlers\exception.py", line 47, in inner
    response = get_response(request)
  File "D:\PythonProject\Zeyou\venv\lib\site-packages\django\core\handlers\base.py", line 181, in _get_response
    response = wrapped_callback(request, *callback_args, **callback_kwargs)
  File "D:\PythonProject\Zeyou\venv\lib\site-packages\django\views\decorators\csrf.py", line 54, in wrapped_view
    return view_func(*args, **kwargs)
  File "D:\PythonProject\Zeyou\venv\lib\site-packages\django\views\generic\base.py", line 70, in view
    return self.dispatch(request, *args, **kwargs)
  File "D:\PythonProject\Zeyou\venv\lib\site-packages\rest_framework\views.py", line 509, in dispatch
    response = self.handle_exception(exc)
  File "D:\PythonProject\Zeyou\venv\lib\site-packages\rest_framework\views.py", line 463, in handle_exception
    exception_handler = self.get_exception_handler()
  File "D:\PythonProject\Zeyou\venv\lib\site-packages\rest_framework\views.py", line 298, in get_exception_handler
    return self.settings.EXCEPTION_HANDLER
  File "D:\PythonProject\Zeyou\venv\lib\site-packages\rest_framework\settings.py", line 225, in __getattr__
    val = perform_import(val, attr)
  File "D:\PythonProject\Zeyou\venv\lib\site-packages\rest_framework\settings.py", line 166, in perform_import
    return import_from_string(val, setting_name)
  File "D:\PythonProject\Zeyou\venv\lib\site-packages\rest_framework\settings.py", line 180, in import_from_string
    raise ImportError(msg)
ImportError: Could not import 'HezeSite.utils.exceptions.exception_handler' for API setting 'EXCEPTION_HANDLER'. ModuleNotFoundError: No module named 'HezeSite'.
WARNING 2021-05-15 23:44:56,110 log 230 Bad Request: /createuser/
ERROR 2021-05-15 23:44:56,941 log 230 Internal Server Error: /filterDepartment/
Traceback (most recent call last):
  File "D:\PythonProject\Zeyou\venv\lib\site-packages\django\utils\datastructures.py", line 76, in __getitem__
    list_ = super().__getitem__(key)
KeyError: 'department'

During handling of the above exception, another exception occurred:

Traceback (most recent call last):
  File "D:\PythonProject\Zeyou\venv\lib\site-packages\django\core\handlers\exception.py", line 47, in inner
    response = get_response(request)
  File "D:\PythonProject\Zeyou\venv\lib\site-packages\django\core\handlers\base.py", line 181, in _get_response
    response = wrapped_callback(request, *callback_args, **callback_kwargs)
  File "D:\PythonProject\Zeyou\venv\lib\site-packages\django\views\decorators\csrf.py", line 54, in wrapped_view
    return view_func(*args, **kwargs)
  File "D:\PythonProject\Zeyou\venv\lib\site-packages\django\views\generic\base.py", line 70, in view
    return self.dispatch(request, *args, **kwargs)
  File "D:\PythonProject\Zeyou\venv\lib\site-packages\rest_framework\views.py", line 509, in dispatch
    response = self.handle_exception(exc)
  File "D:\PythonProject\Zeyou\venv\lib\site-packages\rest_framework\views.py", line 469, in handle_exception
    self.raise_uncaught_exception(exc)
  File "D:\PythonProject\Zeyou\venv\lib\site-packages\rest_framework\views.py", line 480, in raise_uncaught_exception
    raise exc
  File "D:\PythonProject\Zeyou\venv\lib\site-packages\rest_framework\views.py", line 506, in dispatch
    response = handler(request, *args, **kwargs)
  File "D:\PythonProject\Zeyou\Zeyou\ZeyouSite\apps\users\views.py", line 94, in post
    department = data['department']
  File "D:\PythonProject\Zeyou\venv\lib\site-packages\django\utils\datastructures.py", line 78, in __getitem__
    raise MultiValueDictKeyError(key)
django.utils.datastructures.MultiValueDictKeyError: 'department'
WARNING 2021-05-15 23:46:32,668 log 230 Bad Request: /createuser/
WARNING 2021-05-15 23:47:29,234 log 230 Bad Request: /createuser/
WARNING 2021-05-15 23:47:29,613 log 230 Bad Request: /createuser/
WARNING 2021-05-15 23:47:45,487 log 230 Bad Request: /createuser/
WARNING 2021-05-15 23:47:45,900 log 230 Bad Request: /createuser/
WARNING 2021-05-15 23:47:45,905 log 230 Bad Request: /createuser/
ERROR 2021-05-15 23:47:45,910 log 230 Internal Server Error: /authorizations/
Traceback (most recent call last):
  File "D:\PythonProject\Zeyou\venv\lib\site-packages\django\utils\module_loading.py", line 20, in import_string
    return getattr(module, class_name)
AttributeError: module 'users.utils' has no attribute 'UsernameMobileAuthBackend'

The above exception was the direct cause of the following exception:

Traceback (most recent call last):
  File "D:\PythonProject\Zeyou\venv\lib\site-packages\django\core\handlers\exception.py", line 47, in inner
    response = get_response(request)
  File "D:\PythonProject\Zeyou\venv\lib\site-packages\django\core\handlers\base.py", line 181, in _get_response
    response = wrapped_callback(request, *callback_args, **callback_kwargs)
  File "D:\PythonProject\Zeyou\venv\lib\site-packages\django\views\decorators\csrf.py", line 54, in wrapped_view
    return view_func(*args, **kwargs)
  File "D:\PythonProject\Zeyou\venv\lib\site-packages\django\views\generic\base.py", line 70, in view
    return self.dispatch(request, *args, **kwargs)
  File "D:\PythonProject\Zeyou\venv\lib\site-packages\rest_framework\views.py", line 509, in dispatch
    response = self.handle_exception(exc)
  File "D:\PythonProject\Zeyou\venv\lib\site-packages\rest_framework\views.py", line 469, in handle_exception
    self.raise_uncaught_exception(exc)
  File "D:\PythonProject\Zeyou\venv\lib\site-packages\rest_framework\views.py", line 480, in raise_uncaught_exception
    raise exc
  File "D:\PythonProject\Zeyou\venv\lib\site-packages\rest_framework\views.py", line 506, in dispatch
    response = handler(request, *args, **kwargs)
  File "D:\PythonProject\Zeyou\venv\lib\site-packages\rest_framework_jwt\views.py", line 57, in post
    if serializer.is_valid():
  File "D:\PythonProject\Zeyou\venv\lib\site-packages\rest_framework\serializers.py", line 220, in is_valid
    self._validated_data = self.run_validation(self.initial_data)
  File "D:\PythonProject\Zeyou\venv\lib\site-packages\rest_framework\serializers.py", line 422, in run_validation
    value = self.validate(value)
  File "D:\PythonProject\Zeyou\venv\lib\site-packages\rest_framework_jwt\serializers.py", line 50, in validate
    user = authenticate(**credentials)
  File "D:\PythonProject\Zeyou\venv\lib\site-packages\django\views\decorators\debug.py", line 42, in sensitive_variables_wrapper
    return func(*func_args, **func_kwargs)
  File "D:\PythonProject\Zeyou\venv\lib\site-packages\django\contrib\auth\__init__.py", line 68, in authenticate
    for backend, backend_path in _get_backends(return_tuples=True):
  File "D:\PythonProject\Zeyou\venv\lib\site-packages\django\contrib\auth\__init__.py", line 27, in _get_backends
    backend = load_backend(backend_path)
  File "D:\PythonProject\Zeyou\venv\lib\site-packages\django\contrib\auth\__init__.py", line 21, in load_backend
    return import_string(path)()
  File "D:\PythonProject\Zeyou\venv\lib\site-packages\django\utils\module_loading.py", line 24, in import_string
    ) from err
ImportError: Module "users.utils" does not define a "UsernameMobileAuthBackend" attribute/class
WARNING 2021-05-15 23:49:54,284 log 230 Bad Request: /createuser/
WARNING 2021-05-15 23:49:54,680 log 230 Bad Request: /createuser/
WARNING 2021-05-15 23:49:54,684 log 230 Bad Request: /createuser/
WARNING 2021-05-15 23:50:21,779 log 230 Bad Request: /createuser/
WARNING 2021-05-15 23:50:22,203 log 230 Bad Request: /createuser/
WARNING 2021-05-15 23:50:22,212 log 230 Bad Request: /createuser/
ERROR 2021-05-15 23:50:23,327 log 230 Internal Server Error: /filterDepartment/
Traceback (most recent call last):
  File "D:\PythonProject\Zeyou\venv\lib\site-packages\django\utils\datastructures.py", line 76, in __getitem__
    list_ = super().__getitem__(key)
KeyError: 'department'

During handling of the above exception, another exception occurred:

Traceback (most recent call last):
  File "D:\PythonProject\Zeyou\venv\lib\site-packages\django\core\handlers\exception.py", line 47, in inner
    response = get_response(request)
  File "D:\PythonProject\Zeyou\venv\lib\site-packages\django\core\handlers\base.py", line 181, in _get_response
    response = wrapped_callback(request, *callback_args, **callback_kwargs)
  File "D:\PythonProject\Zeyou\venv\lib\site-packages\django\views\decorators\csrf.py", line 54, in wrapped_view
    return view_func(*args, **kwargs)
  File "D:\PythonProject\Zeyou\venv\lib\site-packages\django\views\generic\base.py", line 70, in view
    return self.dispatch(request, *args, **kwargs)
  File "D:\PythonProject\Zeyou\venv\lib\site-packages\rest_framework\views.py", line 509, in dispatch
    response = self.handle_exception(exc)
  File "D:\PythonProject\Zeyou\venv\lib\site-packages\rest_framework\views.py", line 469, in handle_exception
    self.raise_uncaught_exception(exc)
  File "D:\PythonProject\Zeyou\venv\lib\site-packages\rest_framework\views.py", line 480, in raise_uncaught_exception
    raise exc
  File "D:\PythonProject\Zeyou\venv\lib\site-packages\rest_framework\views.py", line 506, in dispatch
    response = handler(request, *args, **kwargs)
  File "D:\PythonProject\Zeyou\Zeyou\ZeyouSite\apps\users\views.py", line 94, in post
    department = data['department']
  File "D:\PythonProject\Zeyou\venv\lib\site-packages\django\utils\datastructures.py", line 78, in __getitem__
    raise MultiValueDictKeyError(key)
django.utils.datastructures.MultiValueDictKeyError: 'department'
WARNING 2021-05-15 23:51:59,790 log 230 Bad Request: /createuser/
WARNING 2021-05-15 23:52:00,184 log 230 Bad Request: /createuser/
WARNING 2021-05-15 23:52:00,188 log 230 Bad Request: /createuser/
WARNING 2021-05-16 10:27:12,066 log 230 Bad Request: /createuser/
WARNING 2021-05-16 10:27:12,490 log 230 Bad Request: /createuser/
WARNING 2021-05-16 10:27:12,494 log 230 Bad Request: /createuser/
WARNING 2021-05-16 10:33:55,396 log 230 Bad Request: /createuser/
WARNING 2021-05-16 10:33:55,842 log 230 Bad Request: /createuser/
WARNING 2021-05-16 10:33:55,848 log 230 Bad Request: /createuser/
INFO 2021-05-16 11:21:18,318 autoreload 636 Watching for file changes with StatReloader
INFO 2021-05-16 11:22:23,102 autoreload 250 D:\PythonProject\Zeyou\Zeyou\ZeyouSite\settings\dev.py changed, reloading.
INFO 2021-05-16 11:22:23,944 autoreload 636 Watching for file changes with StatReloader
INFO 2021-05-16 11:22:29,507 autoreload 636 Watching for file changes with StatReloader
WARNING 2021-05-16 11:23:19,289 log 230 Not Found: /microblog/login
WARNING 2021-05-16 11:23:19,290 basehttp 161 "GET /microblog/login HTTP/1.1" 404 2905
WARNING 2021-05-16 11:23:19,502 log 230 Not Found: /favicon.ico
WARNING 2021-05-16 11:23:19,503 basehttp 161 "GET /favicon.ico HTTP/1.1" 404 2893
WARNING 2021-05-16 11:23:29,046 log 230 Not Found: /microblog/login/
WARNING 2021-05-16 11:23:29,047 basehttp 161 "GET /microblog/login/ HTTP/1.1" 404 2908
INFO 2021-05-16 11:24:07,434 autoreload 250 D:\PythonProject\Zeyou\Zeyou\ZeyouSite\urls.py changed, reloading.
INFO 2021-05-16 11:24:08,290 autoreload 636 Watching for file changes with StatReloader
INFO 2021-05-16 11:24:15,880 autoreload 250 D:\PythonProject\Zeyou\Zeyou\ZeyouSite\urls.py changed, reloading.
INFO 2021-05-16 11:24:16,632 autoreload 636 Watching for file changes with StatReloader
INFO 2021-05-16 11:24:45,430 autoreload 250 D:\PythonProject\Zeyou\Zeyou\ZeyouSite\urls.py changed, reloading.
INFO 2021-05-16 11:24:46,129 autoreload 636 Watching for file changes with StatReloader
INFO 2021-05-16 11:25:24,954 autoreload 636 Watching for file changes with StatReloader
WARNING 2021-05-16 11:26:35,526 log 230 Not Found: /users/authorization/
WARNING 2021-05-16 11:26:35,527 basehttp 161 "POST /users/authorization/ HTTP/1.1" 404 2921
WARNING 2021-05-16 11:27:48,184 log 230 Not Found: /authorization/
WARNING 2021-05-16 11:27:48,184 basehttp 161 "POST /authorization/ HTTP/1.1" 404 2903
WARNING 2021-05-16 11:28:14,405 log 230 Bad Request: /authorizations/
WARNING 2021-05-16 11:28:14,406 basehttp 161 "POST /authorizations/ HTTP/1.1" 400 79
WARNING 2021-05-16 11:28:38,740 log 230 Unsupported Media Type: /upload/
WARNING 2021-05-16 11:28:38,741 basehttp 161 "POST /upload/ HTTP/1.1" 415 76
INFO 2021-05-16 11:29:30,905 autoreload 250 D:\PythonProject\Zeyou\Zeyou\ZeyouSite\apps\users\urls.py changed, reloading.
INFO 2021-05-16 11:29:31,657 autoreload 636 Watching for file changes with StatReloader
WARNING 2021-05-16 11:29:36,243 log 230 Unsupported Media Type: /upload/
WARNING 2021-05-16 11:29:36,243 basehttp 161 "POST /upload/ HTTP/1.1" 415 76
ERROR 2021-05-16 11:36:09,766 log 230 Internal Server Error: /upload/
Traceback (most recent call last):
  File "D:\PythonProject\Zeyou\venv\lib\site-packages\django\utils\datastructures.py", line 76, in __getitem__
    list_ = super().__getitem__(key)
KeyError: 'myfile'

During handling of the above exception, another exception occurred:

Traceback (most recent call last):
  File "D:\PythonProject\Zeyou\venv\lib\site-packages\django\core\handlers\exception.py", line 47, in inner
    response = get_response(request)
  File "D:\PythonProject\Zeyou\venv\lib\site-packages\django\core\handlers\base.py", line 181, in _get_response
    response = wrapped_callback(request, *callback_args, **callback_kwargs)
  File "D:\PythonProject\Zeyou\venv\lib\site-packages\django\views\decorators\csrf.py", line 54, in wrapped_view
    return view_func(*args, **kwargs)
  File "D:\PythonProject\Zeyou\venv\lib\site-packages\django\views\generic\base.py", line 70, in view
    return self.dispatch(request, *args, **kwargs)
  File "D:\PythonProject\Zeyou\venv\lib\site-packages\rest_framework\views.py", line 509, in dispatch
    response = self.handle_exception(exc)
  File "D:\PythonProject\Zeyou\venv\lib\site-packages\rest_framework\views.py", line 469, in handle_exception
    self.raise_uncaught_exception(exc)
  File "D:\PythonProject\Zeyou\venv\lib\site-packages\rest_framework\views.py", line 480, in raise_uncaught_exception
    raise exc
  File "D:\PythonProject\Zeyou\venv\lib\site-packages\rest_framework\views.py", line 506, in dispatch
    response = handler(request, *args, **kwargs)
  File "D:\PythonProject\Zeyou\Zeyou\ZeyouSite\apps\users\views.py", line 125, in post
    file = request.FILES['myfile']
  File "D:\PythonProject\Zeyou\venv\lib\site-packages\django\utils\datastructures.py", line 78, in __getitem__
    raise MultiValueDictKeyError(key)
django.utils.datastructures.MultiValueDictKeyError: 'myfile'
ERROR 2021-05-16 11:36:09,771 basehttp 161 "POST /upload/ HTTP/1.1" 500 107341
ERROR 2021-05-16 11:36:39,128 log 230 Internal Server Error: /upload/
Traceback (most recent call last):
  File "D:\PythonProject\Zeyou\venv\lib\site-packages\django\core\handlers\exception.py", line 47, in inner
    response = get_response(request)
  File "D:\PythonProject\Zeyou\venv\lib\site-packages\django\core\handlers\base.py", line 181, in _get_response
    response = wrapped_callback(request, *callback_args, **callback_kwargs)
  File "D:\PythonProject\Zeyou\venv\lib\site-packages\django\views\decorators\csrf.py", line 54, in wrapped_view
    return view_func(*args, **kwargs)
  File "D:\PythonProject\Zeyou\venv\lib\site-packages\django\views\generic\base.py", line 70, in view
    return self.dispatch(request, *args, **kwargs)
  File "D:\PythonProject\Zeyou\venv\lib\site-packages\rest_framework\views.py", line 509, in dispatch
    response = self.handle_exception(exc)
  File "D:\PythonProject\Zeyou\venv\lib\site-packages\rest_framework\views.py", line 469, in handle_exception
    self.raise_uncaught_exception(exc)
  File "D:\PythonProject\Zeyou\venv\lib\site-packages\rest_framework\views.py", line 480, in raise_uncaught_exception
    raise exc
  File "D:\PythonProject\Zeyou\venv\lib\site-packages\rest_framework\views.py", line 506, in dispatch
    response = handler(request, *args, **kwargs)
  File "D:\PythonProject\Zeyou\Zeyou\ZeyouSite\apps\users\views.py", line 126, in post
    localFile = open('file/' + file.name, 'wb+')
FileNotFoundError: [Errno 2] No such file or directory: 'file/myfile'
ERROR 2021-05-16 11:36:39,130 basehttp 161 "POST /upload/ HTTP/1.1" 500 99411
INFO 2021-05-16 11:39:37,576 autoreload 636 Watching for file changes with StatReloader
INFO 2021-05-16 11:39:44,119 basehttp 161 "POST /upload/ HTTP/1.1" 200 48
INFO 2021-05-16 11:43:38,822 autoreload 250 D:\PythonProject\Zeyou\Zeyou\ZeyouSite\apps\users\views.py changed, reloading.
INFO 2021-05-16 11:43:39,521 autoreload 636 Watching for file changes with StatReloader
INFO 2021-05-16 12:15:49,614 autoreload 636 Watching for file changes with StatReloader
ERROR 2021-05-16 12:15:52,480 log 230 Internal Server Error: /parseexcel/
Traceback (most recent call last):
  File "D:\PythonProject\Zeyou\venv\lib\site-packages\django\utils\datastructures.py", line 76, in __getitem__
    list_ = super().__getitem__(key)
KeyError: 'myfile'

During handling of the above exception, another exception occurred:

Traceback (most recent call last):
  File "D:\PythonProject\Zeyou\venv\lib\site-packages\django\core\handlers\exception.py", line 47, in inner
    response = get_response(request)
  File "D:\PythonProject\Zeyou\venv\lib\site-packages\django\core\handlers\base.py", line 181, in _get_response
    response = wrapped_callback(request, *callback_args, **callback_kwargs)
  File "D:\PythonProject\Zeyou\venv\lib\site-packages\django\views\decorators\csrf.py", line 54, in wrapped_view
    return view_func(*args, **kwargs)
  File "D:\PythonProject\Zeyou\venv\lib\site-packages\django\views\generic\base.py", line 70, in view
    return self.dispatch(request, *args, **kwargs)
  File "D:\PythonProject\Zeyou\venv\lib\site-packages\rest_framework\views.py", line 509, in dispatch
    response = self.handle_exception(exc)
  File "D:\PythonProject\Zeyou\venv\lib\site-packages\rest_framework\views.py", line 469, in handle_exception
    self.raise_uncaught_exception(exc)
  File "D:\PythonProject\Zeyou\venv\lib\site-packages\rest_framework\views.py", line 480, in raise_uncaught_exception
    raise exc
  File "D:\PythonProject\Zeyou\venv\lib\site-packages\rest_framework\views.py", line 506, in dispatch
    response = handler(request, *args, **kwargs)
  File "D:\PythonProject\Zeyou\Zeyou\ZeyouSite\apps\users\views.py", line 126, in post
    file = request.FILES['myfile']
  File "D:\PythonProject\Zeyou\venv\lib\site-packages\django\utils\datastructures.py", line 78, in __getitem__
    raise MultiValueDictKeyError(key)
django.utils.datastructures.MultiValueDictKeyError: 'myfile'
ERROR 2021-05-16 12:15:52,486 basehttp 161 "POST /parseexcel/ HTTP/1.1" 500 106831
ERROR 2021-05-16 12:16:14,882 log 230 Internal Server Error: /parseexcel/
Traceback (most recent call last):
  File "D:\PythonProject\Zeyou\venv\lib\site-packages\django\utils\datastructures.py", line 76, in __getitem__
    list_ = super().__getitem__(key)
KeyError: 'myfile'

During handling of the above exception, another exception occurred:

Traceback (most recent call last):
  File "D:\PythonProject\Zeyou\venv\lib\site-packages\django\core\handlers\exception.py", line 47, in inner
    response = get_response(request)
  File "D:\PythonProject\Zeyou\venv\lib\site-packages\django\core\handlers\base.py", line 181, in _get_response
    response = wrapped_callback(request, *callback_args, **callback_kwargs)
  File "D:\PythonProject\Zeyou\venv\lib\site-packages\django\views\decorators\csrf.py", line 54, in wrapped_view
    return view_func(*args, **kwargs)
  File "D:\PythonProject\Zeyou\venv\lib\site-packages\django\views\generic\base.py", line 70, in view
    return self.dispatch(request, *args, **kwargs)
  File "D:\PythonProject\Zeyou\venv\lib\site-packages\rest_framework\views.py", line 509, in dispatch
    response = self.handle_exception(exc)
  File "D:\PythonProject\Zeyou\venv\lib\site-packages\rest_framework\views.py", line 469, in handle_exception
    self.raise_uncaught_exception(exc)
  File "D:\PythonProject\Zeyou\venv\lib\site-packages\rest_framework\views.py", line 480, in raise_uncaught_exception
    raise exc
  File "D:\PythonProject\Zeyou\venv\lib\site-packages\rest_framework\views.py", line 506, in dispatch
    response = handler(request, *args, **kwargs)
  File "D:\PythonProject\Zeyou\Zeyou\ZeyouSite\apps\users\views.py", line 126, in post
    file = request.FILES['myfile']
  File "D:\PythonProject\Zeyou\venv\lib\site-packages\django\utils\datastructures.py", line 78, in __getitem__
    raise MultiValueDictKeyError(key)
django.utils.datastructures.MultiValueDictKeyError: 'myfile'
ERROR 2021-05-16 12:16:14,885 basehttp 161 "POST /parseexcel/ HTTP/1.1" 500 106831
ERROR 2021-05-16 12:17:40,624 log 230 Internal Server Error: /parseexcel/
Traceback (most recent call last):
  File "D:\PythonProject\Zeyou\venv\lib\site-packages\django\utils\datastructures.py", line 76, in __getitem__
    list_ = super().__getitem__(key)
KeyError: 'myfile'

During handling of the above exception, another exception occurred:

Traceback (most recent call last):
  File "D:\PythonProject\Zeyou\venv\lib\site-packages\django\core\handlers\exception.py", line 47, in inner
    response = get_response(request)
  File "D:\PythonProject\Zeyou\venv\lib\site-packages\django\core\handlers\base.py", line 181, in _get_response
    response = wrapped_callback(request, *callback_args, **callback_kwargs)
  File "D:\PythonProject\Zeyou\venv\lib\site-packages\django\views\decorators\csrf.py", line 54, in wrapped_view
    return view_func(*args, **kwargs)
  File "D:\PythonProject\Zeyou\venv\lib\site-packages\django\views\generic\base.py", line 70, in view
    return self.dispatch(request, *args, **kwargs)
  File "D:\PythonProject\Zeyou\venv\lib\site-packages\rest_framework\views.py", line 509, in dispatch
    response = self.handle_exception(exc)
  File "D:\PythonProject\Zeyou\venv\lib\site-packages\rest_framework\views.py", line 469, in handle_exception
    self.raise_uncaught_exception(exc)
  File "D:\PythonProject\Zeyou\venv\lib\site-packages\rest_framework\views.py", line 480, in raise_uncaught_exception
    raise exc
  File "D:\PythonProject\Zeyou\venv\lib\site-packages\rest_framework\views.py", line 506, in dispatch
    response = handler(request, *args, **kwargs)
  File "D:\PythonProject\Zeyou\Zeyou\ZeyouSite\apps\users\views.py", line 126, in post
    file = request.FILES['myfile']
  File "D:\PythonProject\Zeyou\venv\lib\site-packages\django\utils\datastructures.py", line 78, in __getitem__
    raise MultiValueDictKeyError(key)
django.utils.datastructures.MultiValueDictKeyError: 'myfile'
ERROR 2021-05-16 12:17:40,627 basehttp 161 "POST /parseexcel/ HTTP/1.1" 500 106831
INFO 2021-05-16 12:17:58,788 autoreload 250 D:\PythonProject\Zeyou\Zeyou\ZeyouSite\apps\users\urls.py changed, reloading.
INFO 2021-05-16 12:17:59,546 autoreload 636 Watching for file changes with StatReloader
INFO 2021-05-16 12:18:02,333 autoreload 250 D:\PythonProject\Zeyou\Zeyou\ZeyouSite\apps\users\urls.py changed, reloading.
INFO 2021-05-16 12:18:03,160 autoreload 636 Watching for file changes with StatReloader
INFO 2021-05-16 12:18:07,977 autoreload 250 D:\PythonProject\Zeyou\Zeyou\ZeyouSite\apps\users\views.py changed, reloading.
INFO 2021-05-16 12:18:08,790 autoreload 636 Watching for file changes with StatReloader
INFO 2021-05-16 12:18:13,869 autoreload 636 Watching for file changes with StatReloader
ERROR 2021-05-16 12:18:17,160 log 230 Internal Server Error: /parseexcel/
Traceback (most recent call last):
  File "D:\PythonProject\Zeyou\venv\lib\site-packages\django\core\handlers\exception.py", line 47, in inner
    response = get_response(request)
  File "D:\PythonProject\Zeyou\venv\lib\site-packages\django\core\handlers\base.py", line 181, in _get_response
    response = wrapped_callback(request, *callback_args, **callback_kwargs)
  File "D:\PythonProject\Zeyou\venv\lib\site-packages\django\views\decorators\csrf.py", line 54, in wrapped_view
    return view_func(*args, **kwargs)
  File "D:\PythonProject\Zeyou\venv\lib\site-packages\django\views\generic\base.py", line 70, in view
    return self.dispatch(request, *args, **kwargs)
  File "D:\PythonProject\Zeyou\venv\lib\site-packages\rest_framework\views.py", line 509, in dispatch
    response = self.handle_exception(exc)
  File "D:\PythonProject\Zeyou\venv\lib\site-packages\rest_framework\views.py", line 469, in handle_exception
    self.raise_uncaught_exception(exc)
  File "D:\PythonProject\Zeyou\venv\lib\site-packages\rest_framework\views.py", line 480, in raise_uncaught_exception
    raise exc
  File "D:\PythonProject\Zeyou\venv\lib\site-packages\rest_framework\views.py", line 506, in dispatch
    response = handler(request, *args, **kwargs)
  File "D:\PythonProject\Zeyou\Zeyou\ZeyouSite\apps\users\views.py", line 137, in post
    if os.path.exists(localFile) == False:
  File "D:\Anaconda3\lib\genericpath.py", line 19, in exists
    os.stat(path)
TypeError: stat: path should be string, bytes, os.PathLike or integer, not _io.TextIOWrapper
ERROR 2021-05-16 12:18:17,166 basehttp 161 "POST /parseexcel/ HTTP/1.1" 500 102833
INFO 2021-05-16 12:19:16,489 autoreload 250 D:\PythonProject\Zeyou\Zeyou\ZeyouSite\apps\users\views.py changed, reloading.
INFO 2021-05-16 12:19:17,379 autoreload 636 Watching for file changes with StatReloader
INFO 2021-05-16 12:19:25,452 autoreload 250 D:\PythonProject\Zeyou\Zeyou\ZeyouSite\apps\users\views.py changed, reloading.
INFO 2021-05-16 12:19:26,227 autoreload 636 Watching for file changes with StatReloader
ERROR 2021-05-16 12:19:33,243 log 230 Internal Server Error: /parseexcel/
Traceback (most recent call last):
  File "D:\PythonProject\Zeyou\venv\lib\site-packages\django\core\handlers\exception.py", line 47, in inner
    response = get_response(request)
  File "D:\PythonProject\Zeyou\venv\lib\site-packages\django\core\handlers\base.py", line 181, in _get_response
    response = wrapped_callback(request, *callback_args, **callback_kwargs)
  File "D:\PythonProject\Zeyou\venv\lib\site-packages\django\views\decorators\csrf.py", line 54, in wrapped_view
    return view_func(*args, **kwargs)
  File "D:\PythonProject\Zeyou\venv\lib\site-packages\django\views\generic\base.py", line 70, in view
    return self.dispatch(request, *args, **kwargs)
  File "D:\PythonProject\Zeyou\venv\lib\site-packages\rest_framework\views.py", line 509, in dispatch
    response = self.handle_exception(exc)
  File "D:\PythonProject\Zeyou\venv\lib\site-packages\rest_framework\views.py", line 469, in handle_exception
    self.raise_uncaught_exception(exc)
  File "D:\PythonProject\Zeyou\venv\lib\site-packages\rest_framework\views.py", line 480, in raise_uncaught_exception
    raise exc
  File "D:\PythonProject\Zeyou\venv\lib\site-packages\rest_framework\views.py", line 506, in dispatch
    response = handler(request, *args, **kwargs)
  File "D:\PythonProject\Zeyou\Zeyou\ZeyouSite\apps\users\views.py", line 140, in post
    wb = openpyxl.load_workbook(localFile, data_only=True)
  File "D:\PythonProject\Zeyou\venv\lib\site-packages\openpyxl\reader\excel.py", line 316, in load_workbook
    data_only, keep_links)
  File "D:\PythonProject\Zeyou\venv\lib\site-packages\openpyxl\reader\excel.py", line 124, in __init__
    self.archive = _validate_archive(fn)
  File "D:\PythonProject\Zeyou\venv\lib\site-packages\openpyxl\reader\excel.py", line 96, in _validate_archive
    archive = ZipFile(filename, 'r')
  File "D:\Anaconda3\lib\zipfile.py", line 1200, in __init__
    self._RealGetContents()
  File "D:\Anaconda3\lib\zipfile.py", line 1267, in _RealGetContents
    raise BadZipFile("File is not a zip file")
zipfile.BadZipFile: File is not a zip file
ERROR 2021-05-16 12:19:33,250 basehttp 161 "POST /parseexcel/ HTTP/1.1" 500 120240
INFO 2021-05-16 12:20:54,355 autoreload 250 D:\PythonProject\Zeyou\Zeyou\ZeyouSite\apps\users\views.py changed, reloading.
INFO 2021-05-16 12:20:55,215 autoreload 636 Watching for file changes with StatReloader
INFO 2021-05-16 12:20:56,905 autoreload 250 D:\PythonProject\Zeyou\Zeyou\ZeyouSite\apps\users\views.py changed, reloading.
INFO 2021-05-16 12:20:57,753 autoreload 636 Watching for file changes with StatReloader
ERROR 2021-05-16 12:21:00,405 log 230 Internal Server Error: /parseexcel/
Traceback (most recent call last):
  File "D:\PythonProject\Zeyou\venv\lib\site-packages\django\core\handlers\exception.py", line 47, in inner
    response = get_response(request)
  File "D:\PythonProject\Zeyou\venv\lib\site-packages\django\core\handlers\base.py", line 181, in _get_response
    response = wrapped_callback(request, *callback_args, **callback_kwargs)
  File "D:\PythonProject\Zeyou\venv\lib\site-packages\django\views\decorators\csrf.py", line 54, in wrapped_view
    return view_func(*args, **kwargs)
  File "D:\PythonProject\Zeyou\venv\lib\site-packages\django\views\generic\base.py", line 70, in view
    return self.dispatch(request, *args, **kwargs)
  File "D:\PythonProject\Zeyou\venv\lib\site-packages\rest_framework\views.py", line 509, in dispatch
    response = self.handle_exception(exc)
  File "D:\PythonProject\Zeyou\venv\lib\site-packages\rest_framework\views.py", line 469, in handle_exception
    self.raise_uncaught_exception(exc)
  File "D:\PythonProject\Zeyou\venv\lib\site-packages\rest_framework\views.py", line 480, in raise_uncaught_exception
    raise exc
  File "D:\PythonProject\Zeyou\venv\lib\site-packages\rest_framework\views.py", line 506, in dispatch
    response = handler(request, *args, **kwargs)
  File "D:\PythonProject\Zeyou\Zeyou\ZeyouSite\apps\users\views.py", line 142, in post
    for i in len(allsheets):
TypeError: 'int' object is not iterable
ERROR 2021-05-16 12:21:00,409 basehttp 161 "POST /parseexcel/ HTTP/1.1" 500 99352
INFO 2021-05-16 12:21:15,786 autoreload 250 D:\PythonProject\Zeyou\Zeyou\ZeyouSite\apps\users\views.py changed, reloading.
INFO 2021-05-16 12:21:16,606 autoreload 636 Watching for file changes with StatReloader
ERROR 2021-05-16 12:21:20,693 log 230 Internal Server Error: /parseexcel/
Traceback (most recent call last):
  File "D:\PythonProject\Zeyou\venv\lib\site-packages\django\core\handlers\exception.py", line 47, in inner
    response = get_response(request)
  File "D:\PythonProject\Zeyou\venv\lib\site-packages\django\core\handlers\base.py", line 181, in _get_response
    response = wrapped_callback(request, *callback_args, **callback_kwargs)
  File "D:\PythonProject\Zeyou\venv\lib\site-packages\django\views\decorators\csrf.py", line 54, in wrapped_view
    return view_func(*args, **kwargs)
  File "D:\PythonProject\Zeyou\venv\lib\site-packages\django\views\generic\base.py", line 70, in view
    return self.dispatch(request, *args, **kwargs)
  File "D:\PythonProject\Zeyou\venv\lib\site-packages\rest_framework\views.py", line 509, in dispatch
    response = self.handle_exception(exc)
  File "D:\PythonProject\Zeyou\venv\lib\site-packages\rest_framework\views.py", line 469, in handle_exception
    self.raise_uncaught_exception(exc)
  File "D:\PythonProject\Zeyou\venv\lib\site-packages\rest_framework\views.py", line 480, in raise_uncaught_exception
    raise exc
  File "D:\PythonProject\Zeyou\venv\lib\site-packages\rest_framework\views.py", line 506, in dispatch
    response = handler(request, *args, **kwargs)
  File "D:\PythonProject\Zeyou\Zeyou\ZeyouSite\apps\users\views.py", line 146, in post
    maxrow = sheet.max_row
AttributeError: 'str' object has no attribute 'max_row'
ERROR 2021-05-16 12:21:20,700 basehttp 161 "POST /parseexcel/ HTTP/1.1" 500 99213
INFO 2021-05-16 12:22:00,195 autoreload 250 D:\PythonProject\Zeyou\Zeyou\ZeyouSite\apps\users\views.py changed, reloading.
INFO 2021-05-16 12:22:00,965 autoreload 636 Watching for file changes with StatReloader
ERROR 2021-05-16 12:22:15,975 log 230 Internal Server Error: /parseexcel/
Traceback (most recent call last):
  File "D:\PythonProject\Zeyou\venv\lib\site-packages\django\core\handlers\exception.py", line 47, in inner
    response = get_response(request)
  File "D:\PythonProject\Zeyou\venv\lib\site-packages\django\core\handlers\base.py", line 181, in _get_response
    response = wrapped_callback(request, *callback_args, **callback_kwargs)
  File "D:\PythonProject\Zeyou\venv\lib\site-packages\django\views\decorators\csrf.py", line 54, in wrapped_view
    return view_func(*args, **kwargs)
  File "D:\PythonProject\Zeyou\venv\lib\site-packages\django\views\generic\base.py", line 70, in view
    return self.dispatch(request, *args, **kwargs)
  File "D:\PythonProject\Zeyou\venv\lib\site-packages\rest_framework\views.py", line 511, in dispatch
    self.response = self.finalize_response(request, response, *args, **kwargs)
  File "D:\PythonProject\Zeyou\venv\lib\site-packages\rest_framework\views.py", line 426, in finalize_response
    % type(response)
AssertionError: Expected a `Response`, `HttpResponse` or `HttpStreamingResponse` to be returned from the view, but received a `<class 'NoneType'>`
ERROR 2021-05-16 12:22:15,980 basehttp 161 "POST /parseexcel/ HTTP/1.1" 500 86466
INFO 2021-05-16 12:22:39,113 autoreload 250 D:\PythonProject\Zeyou\Zeyou\ZeyouSite\apps\users\views.py changed, reloading.
INFO 2021-05-16 12:22:39,884 autoreload 636 Watching for file changes with StatReloader
INFO 2021-05-16 12:22:42,660 autoreload 250 D:\PythonProject\Zeyou\Zeyou\ZeyouSite\apps\users\views.py changed, reloading.
INFO 2021-05-16 12:53:01,346 autoreload 636 Watching for file changes with StatReloader
ERROR 2021-05-16 12:53:06,807 log 230 Internal Server Error: /parseexcel/
Traceback (most recent call last):
  File "D:\PythonProject\Zeyou\venv\lib\site-packages\django\db\backends\utils.py", line 84, in _execute
    return self.cursor.execute(sql, params)
  File "D:\PythonProject\Zeyou\venv\lib\site-packages\django\db\backends\sqlite3\base.py", line 423, in execute
    return Database.Cursor.execute(self, query, params)
sqlite3.IntegrityError: UNIQUE constraint failed: users_student.wechat_num

The above exception was the direct cause of the following exception:

Traceback (most recent call last):
  File "D:\PythonProject\Zeyou\venv\lib\site-packages\django\core\handlers\exception.py", line 47, in inner
    response = get_response(request)
  File "D:\PythonProject\Zeyou\venv\lib\site-packages\django\core\handlers\base.py", line 181, in _get_response
    response = wrapped_callback(request, *callback_args, **callback_kwargs)
  File "D:\PythonProject\Zeyou\venv\lib\site-packages\django\views\decorators\csrf.py", line 54, in wrapped_view
    return view_func(*args, **kwargs)
  File "D:\PythonProject\Zeyou\venv\lib\site-packages\django\views\generic\base.py", line 70, in view
    return self.dispatch(request, *args, **kwargs)
  File "D:\PythonProject\Zeyou\venv\lib\site-packages\rest_framework\views.py", line 509, in dispatch
    response = self.handle_exception(exc)
  File "D:\PythonProject\Zeyou\venv\lib\site-packages\rest_framework\views.py", line 469, in handle_exception
    self.raise_uncaught_exception(exc)
  File "D:\PythonProject\Zeyou\venv\lib\site-packages\rest_framework\views.py", line 480, in raise_uncaught_exception
    raise exc
  File "D:\PythonProject\Zeyou\venv\lib\site-packages\rest_framework\views.py", line 506, in dispatch
    response = handler(request, *args, **kwargs)
  File "D:\PythonProject\Zeyou\Zeyou\ZeyouSite\apps\users\views.py", line 174, in post
    Student.objects.bulk_create(sqllist)
  File "D:\PythonProject\Zeyou\venv\lib\site-packages\django\db\models\manager.py", line 85, in manager_method
    return getattr(self.get_queryset(), name)(*args, **kwargs)
  File "D:\PythonProject\Zeyou\venv\lib\site-packages\django\db\models\query.py", line 515, in bulk_create
    objs_without_pk, fields, batch_size, ignore_conflicts=ignore_conflicts,
  File "D:\PythonProject\Zeyou\venv\lib\site-packages\django\db\models\query.py", line 1293, in _batched_insert
    self._insert(item, fields=fields, using=self.db, ignore_conflicts=ignore_conflicts)
  File "D:\PythonProject\Zeyou\venv\lib\site-packages\django\db\models\query.py", line 1270, in _insert
    return query.get_compiler(using=using).execute_sql(returning_fields)
  File "D:\PythonProject\Zeyou\venv\lib\site-packages\django\db\models\sql\compiler.py", line 1410, in execute_sql
    cursor.execute(sql, params)
  File "D:\PythonProject\Zeyou\venv\lib\site-packages\django\db\backends\utils.py", line 98, in execute
    return super().execute(sql, params)
  File "D:\PythonProject\Zeyou\venv\lib\site-packages\django\db\backends\utils.py", line 66, in execute
    return self._execute_with_wrappers(sql, params, many=False, executor=self._execute)
  File "D:\PythonProject\Zeyou\venv\lib\site-packages\django\db\backends\utils.py", line 75, in _execute_with_wrappers
    return executor(sql, params, many, context)
  File "D:\PythonProject\Zeyou\venv\lib\site-packages\django\db\backends\utils.py", line 84, in _execute
    return self.cursor.execute(sql, params)
  File "D:\PythonProject\Zeyou\venv\lib\site-packages\django\db\utils.py", line 90, in __exit__
    raise dj_exc_value.with_traceback(traceback) from exc_value
  File "D:\PythonProject\Zeyou\venv\lib\site-packages\django\db\backends\utils.py", line 84, in _execute
    return self.cursor.execute(sql, params)
  File "D:\PythonProject\Zeyou\venv\lib\site-packages\django\db\backends\sqlite3\base.py", line 423, in execute
    return Database.Cursor.execute(self, query, params)
django.db.utils.IntegrityError: UNIQUE constraint failed: users_student.wechat_num
ERROR 2021-05-16 12:53:06,816 basehttp 161 "POST /parseexcel/ HTTP/1.1" 500 326338
INFO 2021-05-16 12:54:10,259 autoreload 250 D:\PythonProject\Zeyou\Zeyou\ZeyouSite\apps\users\views.py changed, reloading.
INFO 2021-05-16 12:54:11,264 autoreload 636 Watching for file changes with StatReloader
INFO 2021-05-16 12:54:17,233 autoreload 636 Watching for file changes with StatReloader
INFO 2021-05-16 12:55:05,589 autoreload 250 D:\PythonProject\Zeyou\Zeyou\ZeyouSite\apps\users\views.py changed, reloading.
INFO 2021-05-16 12:55:06,399 autoreload 636 Watching for file changes with StatReloader
INFO 2021-05-16 12:55:14,484 autoreload 250 D:\PythonProject\Zeyou\Zeyou\ZeyouSite\apps\users\views.py changed, reloading.
INFO 2021-05-16 12:55:15,229 autoreload 636 Watching for file changes with StatReloader
ERROR 2021-05-16 12:55:19,014 log 230 Internal Server Error: /parseexcel/
Traceback (most recent call last):
  File "D:\PythonProject\Zeyou\venv\lib\site-packages\django\db\backends\utils.py", line 84, in _execute
    return self.cursor.execute(sql, params)
  File "D:\PythonProject\Zeyou\venv\lib\site-packages\django\db\backends\sqlite3\base.py", line 423, in execute
    return Database.Cursor.execute(self, query, params)
sqlite3.IntegrityError: NOT NULL constraint failed: users_student.phone

The above exception was the direct cause of the following exception:

Traceback (most recent call last):
  File "D:\PythonProject\Zeyou\venv\lib\site-packages\django\core\handlers\exception.py", line 47, in inner
    response = get_response(request)
  File "D:\PythonProject\Zeyou\venv\lib\site-packages\django\core\handlers\base.py", line 181, in _get_response
    response = wrapped_callback(request, *callback_args, **callback_kwargs)
  File "D:\PythonProject\Zeyou\venv\lib\site-packages\django\views\decorators\csrf.py", line 54, in wrapped_view
    return view_func(*args, **kwargs)
  File "D:\PythonProject\Zeyou\venv\lib\site-packages\django\views\generic\base.py", line 70, in view
    return self.dispatch(request, *args, **kwargs)
  File "D:\PythonProject\Zeyou\venv\lib\site-packages\rest_framework\views.py", line 509, in dispatch
    response = self.handle_exception(exc)
  File "D:\PythonProject\Zeyou\venv\lib\site-packages\rest_framework\views.py", line 469, in handle_exception
    self.raise_uncaught_exception(exc)
  File "D:\PythonProject\Zeyou\venv\lib\site-packages\rest_framework\views.py", line 480, in raise_uncaught_exception
    raise exc
  File "D:\PythonProject\Zeyou\venv\lib\site-packages\rest_framework\views.py", line 506, in dispatch
    response = handler(request, *args, **kwargs)
  File "D:\PythonProject\Zeyou\Zeyou\ZeyouSite\apps\users\views.py", line 174, in post
    Student.objects.bulk_create(sqllist)
  File "D:\PythonProject\Zeyou\venv\lib\site-packages\django\db\models\manager.py", line 85, in manager_method
    return getattr(self.get_queryset(), name)(*args, **kwargs)
  File "D:\PythonProject\Zeyou\venv\lib\site-packages\django\db\models\query.py", line 515, in bulk_create
    objs_without_pk, fields, batch_size, ignore_conflicts=ignore_conflicts,
  File "D:\PythonProject\Zeyou\venv\lib\site-packages\django\db\models\query.py", line 1293, in _batched_insert
    self._insert(item, fields=fields, using=self.db, ignore_conflicts=ignore_conflicts)
  File "D:\PythonProject\Zeyou\venv\lib\site-packages\django\db\models\query.py", line 1270, in _insert
    return query.get_compiler(using=using).execute_sql(returning_fields)
  File "D:\PythonProject\Zeyou\venv\lib\site-packages\django\db\models\sql\compiler.py", line 1410, in execute_sql
    cursor.execute(sql, params)
  File "D:\PythonProject\Zeyou\venv\lib\site-packages\django\db\backends\utils.py", line 98, in execute
    return super().execute(sql, params)
  File "D:\PythonProject\Zeyou\venv\lib\site-packages\django\db\backends\utils.py", line 66, in execute
    return self._execute_with_wrappers(sql, params, many=False, executor=self._execute)
  File "D:\PythonProject\Zeyou\venv\lib\site-packages\django\db\backends\utils.py", line 75, in _execute_with_wrappers
    return executor(sql, params, many, context)
  File "D:\PythonProject\Zeyou\venv\lib\site-packages\django\db\backends\utils.py", line 84, in _execute
    return self.cursor.execute(sql, params)
  File "D:\PythonProject\Zeyou\venv\lib\site-packages\django\db\utils.py", line 90, in __exit__
    raise dj_exc_value.with_traceback(traceback) from exc_value
  File "D:\PythonProject\Zeyou\venv\lib\site-packages\django\db\backends\utils.py", line 84, in _execute
    return self.cursor.execute(sql, params)
  File "D:\PythonProject\Zeyou\venv\lib\site-packages\django\db\backends\sqlite3\base.py", line 423, in execute
    return Database.Cursor.execute(self, query, params)
django.db.utils.IntegrityError: NOT NULL constraint failed: users_student.phone
ERROR 2021-05-16 12:55:19,022 basehttp 161 "POST /parseexcel/ HTTP/1.1" 500 324952
INFO 2021-05-16 12:56:38,470 autoreload 636 Watching for file changes with StatReloader
ERROR 2021-05-16 12:56:42,842 log 230 Internal Server Error: /parseexcel/
Traceback (most recent call last):
  File "D:\PythonProject\Zeyou\venv\lib\site-packages\django\db\backends\utils.py", line 84, in _execute
    return self.cursor.execute(sql, params)
  File "D:\PythonProject\Zeyou\venv\lib\site-packages\django\db\backends\sqlite3\base.py", line 423, in execute
    return Database.Cursor.execute(self, query, params)
sqlite3.IntegrityError: NOT NULL constraint failed: users_student.phone

The above exception was the direct cause of the following exception:

Traceback (most recent call last):
  File "D:\PythonProject\Zeyou\venv\lib\site-packages\django\core\handlers\exception.py", line 47, in inner
    response = get_response(request)
  File "D:\PythonProject\Zeyou\venv\lib\site-packages\django\core\handlers\base.py", line 181, in _get_response
    response = wrapped_callback(request, *callback_args, **callback_kwargs)
  File "D:\PythonProject\Zeyou\venv\lib\site-packages\django\views\decorators\csrf.py", line 54, in wrapped_view
    return view_func(*args, **kwargs)
  File "D:\PythonProject\Zeyou\venv\lib\site-packages\django\views\generic\base.py", line 70, in view
    return self.dispatch(request, *args, **kwargs)
  File "D:\PythonProject\Zeyou\venv\lib\site-packages\rest_framework\views.py", line 509, in dispatch
    response = self.handle_exception(exc)
  File "D:\PythonProject\Zeyou\venv\lib\site-packages\rest_framework\views.py", line 469, in handle_exception
    self.raise_uncaught_exception(exc)
  File "D:\PythonProject\Zeyou\venv\lib\site-packages\rest_framework\views.py", line 480, in raise_uncaught_exception
    raise exc
  File "D:\PythonProject\Zeyou\venv\lib\site-packages\rest_framework\views.py", line 506, in dispatch
    response = handler(request, *args, **kwargs)
  File "D:\PythonProject\Zeyou\Zeyou\ZeyouSite\apps\users\views.py", line 174, in post
    Student.objects.bulk_create(sqllist)
  File "D:\PythonProject\Zeyou\venv\lib\site-packages\django\db\models\manager.py", line 85, in manager_method
    return getattr(self.get_queryset(), name)(*args, **kwargs)
  File "D:\PythonProject\Zeyou\venv\lib\site-packages\django\db\models\query.py", line 515, in bulk_create
    objs_without_pk, fields, batch_size, ignore_conflicts=ignore_conflicts,
  File "D:\PythonProject\Zeyou\venv\lib\site-packages\django\db\models\query.py", line 1293, in _batched_insert
    self._insert(item, fields=fields, using=self.db, ignore_conflicts=ignore_conflicts)
  File "D:\PythonProject\Zeyou\venv\lib\site-packages\django\db\models\query.py", line 1270, in _insert
    return query.get_compiler(using=using).execute_sql(returning_fields)
  File "D:\PythonProject\Zeyou\venv\lib\site-packages\django\db\models\sql\compiler.py", line 1410, in execute_sql
    cursor.execute(sql, params)
  File "D:\PythonProject\Zeyou\venv\lib\site-packages\django\db\backends\utils.py", line 98, in execute
    return super().execute(sql, params)
  File "D:\PythonProject\Zeyou\venv\lib\site-packages\django\db\backends\utils.py", line 66, in execute
    return self._execute_with_wrappers(sql, params, many=False, executor=self._execute)
  File "D:\PythonProject\Zeyou\venv\lib\site-packages\django\db\backends\utils.py", line 75, in _execute_with_wrappers
    return executor(sql, params, many, context)
  File "D:\PythonProject\Zeyou\venv\lib\site-packages\django\db\backends\utils.py", line 84, in _execute
    return self.cursor.execute(sql, params)
  File "D:\PythonProject\Zeyou\venv\lib\site-packages\django\db\utils.py", line 90, in __exit__
    raise dj_exc_value.with_traceback(traceback) from exc_value
  File "D:\PythonProject\Zeyou\venv\lib\site-packages\django\db\backends\utils.py", line 84, in _execute
    return self.cursor.execute(sql, params)
  File "D:\PythonProject\Zeyou\venv\lib\site-packages\django\db\backends\sqlite3\base.py", line 423, in execute
    return Database.Cursor.execute(self, query, params)
django.db.utils.IntegrityError: NOT NULL constraint failed: users_student.phone
ERROR 2021-05-16 12:56:42,852 basehttp 161 "POST /parseexcel/ HTTP/1.1" 500 324952
INFO 2021-05-16 12:58:21,532 autoreload 636 Watching for file changes with StatReloader
ERROR 2021-05-16 12:58:25,503 log 230 Internal Server Error: /parseexcel/
Traceback (most recent call last):
  File "D:\PythonProject\Zeyou\venv\lib\site-packages\django\db\backends\utils.py", line 84, in _execute
    return self.cursor.execute(sql, params)
  File "D:\PythonProject\Zeyou\venv\lib\site-packages\django\db\backends\sqlite3\base.py", line 423, in execute
    return Database.Cursor.execute(self, query, params)
sqlite3.IntegrityError: NOT NULL constraint failed: users_student.phone

The above exception was the direct cause of the following exception:

Traceback (most recent call last):
  File "D:\PythonProject\Zeyou\venv\lib\site-packages\django\core\handlers\exception.py", line 47, in inner
    response = get_response(request)
  File "D:\PythonProject\Zeyou\venv\lib\site-packages\django\core\handlers\base.py", line 181, in _get_response
    response = wrapped_callback(request, *callback_args, **callback_kwargs)
  File "D:\PythonProject\Zeyou\venv\lib\site-packages\django\views\decorators\csrf.py", line 54, in wrapped_view
    return view_func(*args, **kwargs)
  File "D:\PythonProject\Zeyou\venv\lib\site-packages\django\views\generic\base.py", line 70, in view
    return self.dispatch(request, *args, **kwargs)
  File "D:\PythonProject\Zeyou\venv\lib\site-packages\rest_framework\views.py", line 509, in dispatch
    response = self.handle_exception(exc)
  File "D:\PythonProject\Zeyou\venv\lib\site-packages\rest_framework\views.py", line 469, in handle_exception
    self.raise_uncaught_exception(exc)
  File "D:\PythonProject\Zeyou\venv\lib\site-packages\rest_framework\views.py", line 480, in raise_uncaught_exception
    raise exc
  File "D:\PythonProject\Zeyou\venv\lib\site-packages\rest_framework\views.py", line 506, in dispatch
    response = handler(request, *args, **kwargs)
  File "D:\PythonProject\Zeyou\Zeyou\ZeyouSite\apps\users\views.py", line 174, in post
    Student.objects.bulk_create(sqllist)
  File "D:\PythonProject\Zeyou\venv\lib\site-packages\django\db\models\manager.py", line 85, in manager_method
    return getattr(self.get_queryset(), name)(*args, **kwargs)
  File "D:\PythonProject\Zeyou\venv\lib\site-packages\django\db\models\query.py", line 515, in bulk_create
    objs_without_pk, fields, batch_size, ignore_conflicts=ignore_conflicts,
  File "D:\PythonProject\Zeyou\venv\lib\site-packages\django\db\models\query.py", line 1293, in _batched_insert
    self._insert(item, fields=fields, using=self.db, ignore_conflicts=ignore_conflicts)
  File "D:\PythonProject\Zeyou\venv\lib\site-packages\django\db\models\query.py", line 1270, in _insert
    return query.get_compiler(using=using).execute_sql(returning_fields)
  File "D:\PythonProject\Zeyou\venv\lib\site-packages\django\db\models\sql\compiler.py", line 1410, in execute_sql
    cursor.execute(sql, params)
  File "D:\PythonProject\Zeyou\venv\lib\site-packages\django\db\backends\utils.py", line 98, in execute
    return super().execute(sql, params)
  File "D:\PythonProject\Zeyou\venv\lib\site-packages\django\db\backends\utils.py", line 66, in execute
    return self._execute_with_wrappers(sql, params, many=False, executor=self._execute)
  File "D:\PythonProject\Zeyou\venv\lib\site-packages\django\db\backends\utils.py", line 75, in _execute_with_wrappers
    return executor(sql, params, many, context)
  File "D:\PythonProject\Zeyou\venv\lib\site-packages\django\db\backends\utils.py", line 84, in _execute
    return self.cursor.execute(sql, params)
  File "D:\PythonProject\Zeyou\venv\lib\site-packages\django\db\utils.py", line 90, in __exit__
    raise dj_exc_value.with_traceback(traceback) from exc_value
  File "D:\PythonProject\Zeyou\venv\lib\site-packages\django\db\backends\utils.py", line 84, in _execute
    return self.cursor.execute(sql, params)
  File "D:\PythonProject\Zeyou\venv\lib\site-packages\django\db\backends\sqlite3\base.py", line 423, in execute
    return Database.Cursor.execute(self, query, params)
django.db.utils.IntegrityError: NOT NULL constraint failed: users_student.phone
ERROR 2021-05-16 12:58:25,517 basehttp 161 "POST /parseexcel/ HTTP/1.1" 500 324952
INFO 2021-05-16 12:59:12,654 autoreload 250 D:\PythonProject\Zeyou\Zeyou\ZeyouSite\apps\users\models.py changed, reloading.
INFO 2021-05-16 12:59:13,549 autoreload 636 Watching for file changes with StatReloader
INFO 2021-05-16 12:59:51,635 autoreload 636 Watching for file changes with StatReloader
ERROR 2021-05-16 12:59:55,701 log 230 Internal Server Error: /parseexcel/
Traceback (most recent call last):
  File "D:\PythonProject\Zeyou\venv\lib\site-packages\django\db\backends\utils.py", line 84, in _execute
    return self.cursor.execute(sql, params)
  File "D:\PythonProject\Zeyou\venv\lib\site-packages\django\db\backends\sqlite3\base.py", line 423, in execute
    return Database.Cursor.execute(self, query, params)
sqlite3.IntegrityError: NOT NULL constraint failed: users_student.phone

The above exception was the direct cause of the following exception:

Traceback (most recent call last):
  File "D:\PythonProject\Zeyou\venv\lib\site-packages\django\core\handlers\exception.py", line 47, in inner
    response = get_response(request)
  File "D:\PythonProject\Zeyou\venv\lib\site-packages\django\core\handlers\base.py", line 181, in _get_response
    response = wrapped_callback(request, *callback_args, **callback_kwargs)
  File "D:\PythonProject\Zeyou\venv\lib\site-packages\django\views\decorators\csrf.py", line 54, in wrapped_view
    return view_func(*args, **kwargs)
  File "D:\PythonProject\Zeyou\venv\lib\site-packages\django\views\generic\base.py", line 70, in view
    return self.dispatch(request, *args, **kwargs)
  File "D:\PythonProject\Zeyou\venv\lib\site-packages\rest_framework\views.py", line 509, in dispatch
    response = self.handle_exception(exc)
  File "D:\PythonProject\Zeyou\venv\lib\site-packages\rest_framework\views.py", line 469, in handle_exception
    self.raise_uncaught_exception(exc)
  File "D:\PythonProject\Zeyou\venv\lib\site-packages\rest_framework\views.py", line 480, in raise_uncaught_exception
    raise exc
  File "D:\PythonProject\Zeyou\venv\lib\site-packages\rest_framework\views.py", line 506, in dispatch
    response = handler(request, *args, **kwargs)
  File "D:\PythonProject\Zeyou\Zeyou\ZeyouSite\apps\users\views.py", line 174, in post
    Student.objects.bulk_create(sqllist)
  File "D:\PythonProject\Zeyou\venv\lib\site-packages\django\db\models\manager.py", line 85, in manager_method
    return getattr(self.get_queryset(), name)(*args, **kwargs)
  File "D:\PythonProject\Zeyou\venv\lib\site-packages\django\db\models\query.py", line 515, in bulk_create
    objs_without_pk, fields, batch_size, ignore_conflicts=ignore_conflicts,
  File "D:\PythonProject\Zeyou\venv\lib\site-packages\django\db\models\query.py", line 1293, in _batched_insert
    self._insert(item, fields=fields, using=self.db, ignore_conflicts=ignore_conflicts)
  File "D:\PythonProject\Zeyou\venv\lib\site-packages\django\db\models\query.py", line 1270, in _insert
    return query.get_compiler(using=using).execute_sql(returning_fields)
  File "D:\PythonProject\Zeyou\venv\lib\site-packages\django\db\models\sql\compiler.py", line 1410, in execute_sql
    cursor.execute(sql, params)
  File "D:\PythonProject\Zeyou\venv\lib\site-packages\django\db\backends\utils.py", line 98, in execute
    return super().execute(sql, params)
  File "D:\PythonProject\Zeyou\venv\lib\site-packages\django\db\backends\utils.py", line 66, in execute
    return self._execute_with_wrappers(sql, params, many=False, executor=self._execute)
  File "D:\PythonProject\Zeyou\venv\lib\site-packages\django\db\backends\utils.py", line 75, in _execute_with_wrappers
    return executor(sql, params, many, context)
  File "D:\PythonProject\Zeyou\venv\lib\site-packages\django\db\backends\utils.py", line 84, in _execute
    return self.cursor.execute(sql, params)
  File "D:\PythonProject\Zeyou\venv\lib\site-packages\django\db\utils.py", line 90, in __exit__
    raise dj_exc_value.with_traceback(traceback) from exc_value
  File "D:\PythonProject\Zeyou\venv\lib\site-packages\django\db\backends\utils.py", line 84, in _execute
    return self.cursor.execute(sql, params)
  File "D:\PythonProject\Zeyou\venv\lib\site-packages\django\db\backends\sqlite3\base.py", line 423, in execute
    return Database.Cursor.execute(self, query, params)
django.db.utils.IntegrityError: NOT NULL constraint failed: users_student.phone
ERROR 2021-05-16 12:59:55,708 basehttp 161 "POST /parseexcel/ HTTP/1.1" 500 324952
INFO 2021-05-16 13:02:43,149 autoreload 636 Watching for file changes with StatReloader
ERROR 2021-05-16 13:02:46,744 log 230 Internal Server Error: /parseexcel/
Traceback (most recent call last):
  File "D:\PythonProject\Zeyou\venv\lib\site-packages\django\db\backends\utils.py", line 84, in _execute
    return self.cursor.execute(sql, params)
  File "D:\PythonProject\Zeyou\venv\lib\site-packages\django\db\backends\sqlite3\base.py", line 423, in execute
    return Database.Cursor.execute(self, query, params)
sqlite3.IntegrityError: NOT NULL constraint failed: users_student.phone

The above exception was the direct cause of the following exception:

Traceback (most recent call last):
  File "D:\PythonProject\Zeyou\venv\lib\site-packages\django\core\handlers\exception.py", line 47, in inner
    response = get_response(request)
  File "D:\PythonProject\Zeyou\venv\lib\site-packages\django\core\handlers\base.py", line 181, in _get_response
    response = wrapped_callback(request, *callback_args, **callback_kwargs)
  File "D:\PythonProject\Zeyou\venv\lib\site-packages\django\views\decorators\csrf.py", line 54, in wrapped_view
    return view_func(*args, **kwargs)
  File "D:\PythonProject\Zeyou\venv\lib\site-packages\django\views\generic\base.py", line 70, in view
    return self.dispatch(request, *args, **kwargs)
  File "D:\PythonProject\Zeyou\venv\lib\site-packages\rest_framework\views.py", line 509, in dispatch
    response = self.handle_exception(exc)
  File "D:\PythonProject\Zeyou\venv\lib\site-packages\rest_framework\views.py", line 469, in handle_exception
    self.raise_uncaught_exception(exc)
  File "D:\PythonProject\Zeyou\venv\lib\site-packages\rest_framework\views.py", line 480, in raise_uncaught_exception
    raise exc
  File "D:\PythonProject\Zeyou\venv\lib\site-packages\rest_framework\views.py", line 506, in dispatch
    response = handler(request, *args, **kwargs)
  File "D:\PythonProject\Zeyou\Zeyou\ZeyouSite\apps\users\views.py", line 174, in post
    Student.objects.bulk_create(sqllist)
  File "D:\PythonProject\Zeyou\venv\lib\site-packages\django\db\models\manager.py", line 85, in manager_method
    return getattr(self.get_queryset(), name)(*args, **kwargs)
  File "D:\PythonProject\Zeyou\venv\lib\site-packages\django\db\models\query.py", line 515, in bulk_create
    objs_without_pk, fields, batch_size, ignore_conflicts=ignore_conflicts,
  File "D:\PythonProject\Zeyou\venv\lib\site-packages\django\db\models\query.py", line 1293, in _batched_insert
    self._insert(item, fields=fields, using=self.db, ignore_conflicts=ignore_conflicts)
  File "D:\PythonProject\Zeyou\venv\lib\site-packages\django\db\models\query.py", line 1270, in _insert
    return query.get_compiler(using=using).execute_sql(returning_fields)
  File "D:\PythonProject\Zeyou\venv\lib\site-packages\django\db\models\sql\compiler.py", line 1410, in execute_sql
    cursor.execute(sql, params)
  File "D:\PythonProject\Zeyou\venv\lib\site-packages\django\db\backends\utils.py", line 98, in execute
    return super().execute(sql, params)
  File "D:\PythonProject\Zeyou\venv\lib\site-packages\django\db\backends\utils.py", line 66, in execute
    return self._execute_with_wrappers(sql, params, many=False, executor=self._execute)
  File "D:\PythonProject\Zeyou\venv\lib\site-packages\django\db\backends\utils.py", line 75, in _execute_with_wrappers
    return executor(sql, params, many, context)
  File "D:\PythonProject\Zeyou\venv\lib\site-packages\django\db\backends\utils.py", line 84, in _execute
    return self.cursor.execute(sql, params)
  File "D:\PythonProject\Zeyou\venv\lib\site-packages\django\db\utils.py", line 90, in __exit__
    raise dj_exc_value.with_traceback(traceback) from exc_value
  File "D:\PythonProject\Zeyou\venv\lib\site-packages\django\db\backends\utils.py", line 84, in _execute
    return self.cursor.execute(sql, params)
  File "D:\PythonProject\Zeyou\venv\lib\site-packages\django\db\backends\sqlite3\base.py", line 423, in execute
    return Database.Cursor.execute(self, query, params)
django.db.utils.IntegrityError: NOT NULL constraint failed: users_student.phone
ERROR 2021-05-16 13:02:46,754 basehttp 161 "POST /parseexcel/ HTTP/1.1" 500 324952
INFO 2021-05-16 13:03:27,621 autoreload 250 D:\PythonProject\Zeyou\Zeyou\ZeyouSite\apps\users\models.py changed, reloading.
INFO 2021-05-16 13:03:28,361 autoreload 636 Watching for file changes with StatReloader
INFO 2021-05-16 13:05:03,546 autoreload 636 Watching for file changes with StatReloader
ERROR 2021-05-16 13:05:08,549 log 230 Internal Server Error: /parseexcel/
Traceback (most recent call last):
  File "D:\PythonProject\Zeyou\venv\lib\site-packages\django\db\backends\utils.py", line 84, in _execute
    return self.cursor.execute(sql, params)
  File "D:\PythonProject\Zeyou\venv\lib\site-packages\django\db\backends\sqlite3\base.py", line 423, in execute
    return Database.Cursor.execute(self, query, params)
sqlite3.IntegrityError: NOT NULL constraint failed: users_student.phone

The above exception was the direct cause of the following exception:

Traceback (most recent call last):
  File "D:\PythonProject\Zeyou\venv\lib\site-packages\django\core\handlers\exception.py", line 47, in inner
    response = get_response(request)
  File "D:\PythonProject\Zeyou\venv\lib\site-packages\django\core\handlers\base.py", line 181, in _get_response
    response = wrapped_callback(request, *callback_args, **callback_kwargs)
  File "D:\PythonProject\Zeyou\venv\lib\site-packages\django\views\decorators\csrf.py", line 54, in wrapped_view
    return view_func(*args, **kwargs)
  File "D:\PythonProject\Zeyou\venv\lib\site-packages\django\views\generic\base.py", line 70, in view
    return self.dispatch(request, *args, **kwargs)
  File "D:\PythonProject\Zeyou\venv\lib\site-packages\rest_framework\views.py", line 509, in dispatch
    response = self.handle_exception(exc)
  File "D:\PythonProject\Zeyou\venv\lib\site-packages\rest_framework\views.py", line 469, in handle_exception
    self.raise_uncaught_exception(exc)
  File "D:\PythonProject\Zeyou\venv\lib\site-packages\rest_framework\views.py", line 480, in raise_uncaught_exception
    raise exc
  File "D:\PythonProject\Zeyou\venv\lib\site-packages\rest_framework\views.py", line 506, in dispatch
    response = handler(request, *args, **kwargs)
  File "D:\PythonProject\Zeyou\Zeyou\ZeyouSite\apps\users\views.py", line 174, in post
    Student.objects.bulk_create(sqllist)
  File "D:\PythonProject\Zeyou\venv\lib\site-packages\django\db\models\manager.py", line 85, in manager_method
    return getattr(self.get_queryset(), name)(*args, **kwargs)
  File "D:\PythonProject\Zeyou\venv\lib\site-packages\django\db\models\query.py", line 515, in bulk_create
    objs_without_pk, fields, batch_size, ignore_conflicts=ignore_conflicts,
  File "D:\PythonProject\Zeyou\venv\lib\site-packages\django\db\models\query.py", line 1293, in _batched_insert
    self._insert(item, fields=fields, using=self.db, ignore_conflicts=ignore_conflicts)
  File "D:\PythonProject\Zeyou\venv\lib\site-packages\django\db\models\query.py", line 1270, in _insert
    return query.get_compiler(using=using).execute_sql(returning_fields)
  File "D:\PythonProject\Zeyou\venv\lib\site-packages\django\db\models\sql\compiler.py", line 1410, in execute_sql
    cursor.execute(sql, params)
  File "D:\PythonProject\Zeyou\venv\lib\site-packages\django\db\backends\utils.py", line 98, in execute
    return super().execute(sql, params)
  File "D:\PythonProject\Zeyou\venv\lib\site-packages\django\db\backends\utils.py", line 66, in execute
    return self._execute_with_wrappers(sql, params, many=False, executor=self._execute)
  File "D:\PythonProject\Zeyou\venv\lib\site-packages\django\db\backends\utils.py", line 75, in _execute_with_wrappers
    return executor(sql, params, many, context)
  File "D:\PythonProject\Zeyou\venv\lib\site-packages\django\db\backends\utils.py", line 84, in _execute
    return self.cursor.execute(sql, params)
  File "D:\PythonProject\Zeyou\venv\lib\site-packages\django\db\utils.py", line 90, in __exit__
    raise dj_exc_value.with_traceback(traceback) from exc_value
  File "D:\PythonProject\Zeyou\venv\lib\site-packages\django\db\backends\utils.py", line 84, in _execute
    return self.cursor.execute(sql, params)
  File "D:\PythonProject\Zeyou\venv\lib\site-packages\django\db\backends\sqlite3\base.py", line 423, in execute
    return Database.Cursor.execute(self, query, params)
django.db.utils.IntegrityError: NOT NULL constraint failed: users_student.phone
ERROR 2021-05-16 13:05:08,561 basehttp 161 "POST /parseexcel/ HTTP/1.1" 500 324952
INFO 2021-05-16 13:07:10,233 autoreload 250 D:\PythonProject\Zeyou\Zeyou\ZeyouSite\apps\users\models.py changed, reloading.
INFO 2021-05-16 13:07:11,116 autoreload 636 Watching for file changes with StatReloader
INFO 2021-05-16 13:07:19,207 autoreload 250 D:\PythonProject\Zeyou\Zeyou\ZeyouSite\apps\users\views.py changed, reloading.
INFO 2021-05-16 13:07:20,088 autoreload 636 Watching for file changes with StatReloader
INFO 2021-05-16 13:07:41,201 autoreload 636 Watching for file changes with StatReloader
ERROR 2021-05-16 13:07:45,149 log 230 Internal Server Error: /parseexcel/
Traceback (most recent call last):
  File "D:\PythonProject\Zeyou\venv\lib\site-packages\django\core\handlers\exception.py", line 47, in inner
    response = get_response(request)
  File "D:\PythonProject\Zeyou\venv\lib\site-packages\django\core\handlers\base.py", line 181, in _get_response
    response = wrapped_callback(request, *callback_args, **callback_kwargs)
  File "D:\PythonProject\Zeyou\venv\lib\site-packages\django\views\decorators\csrf.py", line 54, in wrapped_view
    return view_func(*args, **kwargs)
  File "D:\PythonProject\Zeyou\venv\lib\site-packages\django\views\generic\base.py", line 70, in view
    return self.dispatch(request, *args, **kwargs)
  File "D:\PythonProject\Zeyou\venv\lib\site-packages\rest_framework\views.py", line 511, in dispatch
    self.response = self.finalize_response(request, response, *args, **kwargs)
  File "D:\PythonProject\Zeyou\venv\lib\site-packages\rest_framework\views.py", line 426, in finalize_response
    % type(response)
AssertionError: Expected a `Response`, `HttpResponse` or `HttpStreamingResponse` to be returned from the view, but received a `<class 'NoneType'>`
ERROR 2021-05-16 13:07:45,151 basehttp 161 "POST /parseexcel/ HTTP/1.1" 500 86466
INFO 2021-05-16 13:11:55,943 autoreload 636 Watching for file changes with StatReloader
ERROR 2021-05-16 13:11:59,870 log 230 Internal Server Error: /parseexcel/
Traceback (most recent call last):
  File "D:\PythonProject\Zeyou\venv\lib\site-packages\django\db\backends\utils.py", line 84, in _execute
    return self.cursor.execute(sql, params)
  File "D:\PythonProject\Zeyou\venv\lib\site-packages\django\db\backends\sqlite3\base.py", line 423, in execute
    return Database.Cursor.execute(self, query, params)
sqlite3.IntegrityError: UNIQUE constraint failed: users_student.wechat_num

The above exception was the direct cause of the following exception:

Traceback (most recent call last):
  File "D:\PythonProject\Zeyou\venv\lib\site-packages\django\core\handlers\exception.py", line 47, in inner
    response = get_response(request)
  File "D:\PythonProject\Zeyou\venv\lib\site-packages\django\core\handlers\base.py", line 181, in _get_response
    response = wrapped_callback(request, *callback_args, **callback_kwargs)
  File "D:\PythonProject\Zeyou\venv\lib\site-packages\django\views\decorators\csrf.py", line 54, in wrapped_view
    return view_func(*args, **kwargs)
  File "D:\PythonProject\Zeyou\venv\lib\site-packages\django\views\generic\base.py", line 70, in view
    return self.dispatch(request, *args, **kwargs)
  File "D:\PythonProject\Zeyou\venv\lib\site-packages\rest_framework\views.py", line 509, in dispatch
    response = self.handle_exception(exc)
  File "D:\PythonProject\Zeyou\venv\lib\site-packages\rest_framework\views.py", line 469, in handle_exception
    self.raise_uncaught_exception(exc)
  File "D:\PythonProject\Zeyou\venv\lib\site-packages\rest_framework\views.py", line 480, in raise_uncaught_exception
    raise exc
  File "D:\PythonProject\Zeyou\venv\lib\site-packages\rest_framework\views.py", line 506, in dispatch
    response = handler(request, *args, **kwargs)
  File "D:\PythonProject\Zeyou\Zeyou\ZeyouSite\apps\users\views.py", line 174, in post
    Student.objects.bulk_create(sqllist)
  File "D:\PythonProject\Zeyou\venv\lib\site-packages\django\db\models\manager.py", line 85, in manager_method
    return getattr(self.get_queryset(), name)(*args, **kwargs)
  File "D:\PythonProject\Zeyou\venv\lib\site-packages\django\db\models\query.py", line 515, in bulk_create
    objs_without_pk, fields, batch_size, ignore_conflicts=ignore_conflicts,
  File "D:\PythonProject\Zeyou\venv\lib\site-packages\django\db\models\query.py", line 1293, in _batched_insert
    self._insert(item, fields=fields, using=self.db, ignore_conflicts=ignore_conflicts)
  File "D:\PythonProject\Zeyou\venv\lib\site-packages\django\db\models\query.py", line 1270, in _insert
    return query.get_compiler(using=using).execute_sql(returning_fields)
  File "D:\PythonProject\Zeyou\venv\lib\site-packages\django\db\models\sql\compiler.py", line 1410, in execute_sql
    cursor.execute(sql, params)
  File "D:\PythonProject\Zeyou\venv\lib\site-packages\django\db\backends\utils.py", line 98, in execute
    return super().execute(sql, params)
  File "D:\PythonProject\Zeyou\venv\lib\site-packages\django\db\backends\utils.py", line 66, in execute
    return self._execute_with_wrappers(sql, params, many=False, executor=self._execute)
  File "D:\PythonProject\Zeyou\venv\lib\site-packages\django\db\backends\utils.py", line 75, in _execute_with_wrappers
    return executor(sql, params, many, context)
  File "D:\PythonProject\Zeyou\venv\lib\site-packages\django\db\backends\utils.py", line 84, in _execute
    return self.cursor.execute(sql, params)
  File "D:\PythonProject\Zeyou\venv\lib\site-packages\django\db\utils.py", line 90, in __exit__
    raise dj_exc_value.with_traceback(traceback) from exc_value
  File "D:\PythonProject\Zeyou\venv\lib\site-packages\django\db\backends\utils.py", line 84, in _execute
    return self.cursor.execute(sql, params)
  File "D:\PythonProject\Zeyou\venv\lib\site-packages\django\db\backends\sqlite3\base.py", line 423, in execute
    return Database.Cursor.execute(self, query, params)
django.db.utils.IntegrityError: UNIQUE constraint failed: users_student.wechat_num
ERROR 2021-05-16 13:11:59,885 basehttp 161 "POST /parseexcel/ HTTP/1.1" 500 331275
INFO 2021-05-16 13:13:05,953 autoreload 636 Watching for file changes with StatReloader
ERROR 2021-05-16 13:13:09,066 log 230 Internal Server Error: /parseexcel/
Traceback (most recent call last):
  File "D:\PythonProject\Zeyou\venv\lib\site-packages\django\db\backends\utils.py", line 84, in _execute
    return self.cursor.execute(sql, params)
  File "D:\PythonProject\Zeyou\venv\lib\site-packages\django\db\backends\sqlite3\base.py", line 423, in execute
    return Database.Cursor.execute(self, query, params)
sqlite3.IntegrityError: UNIQUE constraint failed: users_student.wechat_num

The above exception was the direct cause of the following exception:

Traceback (most recent call last):
  File "D:\PythonProject\Zeyou\venv\lib\site-packages\django\core\handlers\exception.py", line 47, in inner
    response = get_response(request)
  File "D:\PythonProject\Zeyou\venv\lib\site-packages\django\core\handlers\base.py", line 181, in _get_response
    response = wrapped_callback(request, *callback_args, **callback_kwargs)
  File "D:\PythonProject\Zeyou\venv\lib\site-packages\django\views\decorators\csrf.py", line 54, in wrapped_view
    return view_func(*args, **kwargs)
  File "D:\PythonProject\Zeyou\venv\lib\site-packages\django\views\generic\base.py", line 70, in view
    return self.dispatch(request, *args, **kwargs)
  File "D:\PythonProject\Zeyou\venv\lib\site-packages\rest_framework\views.py", line 509, in dispatch
    response = self.handle_exception(exc)
  File "D:\PythonProject\Zeyou\venv\lib\site-packages\rest_framework\views.py", line 469, in handle_exception
    self.raise_uncaught_exception(exc)
  File "D:\PythonProject\Zeyou\venv\lib\site-packages\rest_framework\views.py", line 480, in raise_uncaught_exception
    raise exc
  File "D:\PythonProject\Zeyou\venv\lib\site-packages\rest_framework\views.py", line 506, in dispatch
    response = handler(request, *args, **kwargs)
  File "D:\PythonProject\Zeyou\Zeyou\ZeyouSite\apps\users\views.py", line 175, in post
    Student.objects.bulk_create(sqllist)
  File "D:\PythonProject\Zeyou\venv\lib\site-packages\django\db\models\manager.py", line 85, in manager_method
    return getattr(self.get_queryset(), name)(*args, **kwargs)
  File "D:\PythonProject\Zeyou\venv\lib\site-packages\django\db\models\query.py", line 515, in bulk_create
    objs_without_pk, fields, batch_size, ignore_conflicts=ignore_conflicts,
  File "D:\PythonProject\Zeyou\venv\lib\site-packages\django\db\models\query.py", line 1293, in _batched_insert
    self._insert(item, fields=fields, using=self.db, ignore_conflicts=ignore_conflicts)
  File "D:\PythonProject\Zeyou\venv\lib\site-packages\django\db\models\query.py", line 1270, in _insert
    return query.get_compiler(using=using).execute_sql(returning_fields)
  File "D:\PythonProject\Zeyou\venv\lib\site-packages\django\db\models\sql\compiler.py", line 1410, in execute_sql
    cursor.execute(sql, params)
  File "D:\PythonProject\Zeyou\venv\lib\site-packages\django\db\backends\utils.py", line 98, in execute
    return super().execute(sql, params)
  File "D:\PythonProject\Zeyou\venv\lib\site-packages\django\db\backends\utils.py", line 66, in execute
    return self._execute_with_wrappers(sql, params, many=False, executor=self._execute)
  File "D:\PythonProject\Zeyou\venv\lib\site-packages\django\db\backends\utils.py", line 75, in _execute_with_wrappers
    return executor(sql, params, many, context)
  File "D:\PythonProject\Zeyou\venv\lib\site-packages\django\db\backends\utils.py", line 84, in _execute
    return self.cursor.execute(sql, params)
  File "D:\PythonProject\Zeyou\venv\lib\site-packages\django\db\utils.py", line 90, in __exit__
    raise dj_exc_value.with_traceback(traceback) from exc_value
  File "D:\PythonProject\Zeyou\venv\lib\site-packages\django\db\backends\utils.py", line 84, in _execute
    return self.cursor.execute(sql, params)
  File "D:\PythonProject\Zeyou\venv\lib\site-packages\django\db\backends\sqlite3\base.py", line 423, in execute
    return Database.Cursor.execute(self, query, params)
django.db.utils.IntegrityError: UNIQUE constraint failed: users_student.wechat_num
ERROR 2021-05-16 13:13:09,073 basehttp 161 "POST /parseexcel/ HTTP/1.1" 500 331263
INFO 2021-05-16 13:16:20,845 autoreload 636 Watching for file changes with StatReloader
ERROR 2021-05-16 13:16:30,266 log 230 Internal Server Error: /parseexcel/
Traceback (most recent call last):
  File "D:\PythonProject\Zeyou\venv\lib\site-packages\django\core\handlers\exception.py", line 47, in inner
    response = get_response(request)
  File "D:\PythonProject\Zeyou\venv\lib\site-packages\django\core\handlers\base.py", line 181, in _get_response
    response = wrapped_callback(request, *callback_args, **callback_kwargs)
  File "D:\PythonProject\Zeyou\venv\lib\site-packages\django\views\decorators\csrf.py", line 54, in wrapped_view
    return view_func(*args, **kwargs)
  File "D:\PythonProject\Zeyou\venv\lib\site-packages\django\views\generic\base.py", line 70, in view
    return self.dispatch(request, *args, **kwargs)
  File "D:\PythonProject\Zeyou\venv\lib\site-packages\rest_framework\views.py", line 511, in dispatch
    self.response = self.finalize_response(request, response, *args, **kwargs)
  File "D:\PythonProject\Zeyou\venv\lib\site-packages\rest_framework\views.py", line 426, in finalize_response
    % type(response)
AssertionError: Expected a `Response`, `HttpResponse` or `HttpStreamingResponse` to be returned from the view, but received a `<class 'NoneType'>`
ERROR 2021-05-16 13:16:30,271 basehttp 161 "POST /parseexcel/ HTTP/1.1" 500 86466
WARNING 2021-05-16 13:20:20,077 log 230 Bad Request: /createuser/
WARNING 2021-05-16 13:20:20,481 log 230 Bad Request: /createuser/
WARNING 2021-05-16 13:20:20,484 log 230 Bad Request: /createuser/
INFO 2021-05-16 21:16:05,745 autoreload 636 Watching for file changes with StatReloader
ERROR 2021-05-16 21:16:11,126 log 230 Internal Server Error: /parseexcel/
Traceback (most recent call last):
  File "D:\PythonProject\Zeyou\venv\lib\site-packages\django\core\handlers\exception.py", line 47, in inner
    response = get_response(request)
  File "D:\PythonProject\Zeyou\venv\lib\site-packages\django\core\handlers\base.py", line 181, in _get_response
    response = wrapped_callback(request, *callback_args, **callback_kwargs)
  File "D:\PythonProject\Zeyou\venv\lib\site-packages\django\views\decorators\csrf.py", line 54, in wrapped_view
    return view_func(*args, **kwargs)
  File "D:\PythonProject\Zeyou\venv\lib\site-packages\django\views\generic\base.py", line 70, in view
    return self.dispatch(request, *args, **kwargs)
  File "D:\PythonProject\Zeyou\venv\lib\site-packages\rest_framework\views.py", line 511, in dispatch
    self.response = self.finalize_response(request, response, *args, **kwargs)
  File "D:\PythonProject\Zeyou\venv\lib\site-packages\rest_framework\views.py", line 426, in finalize_response
    % type(response)
AssertionError: Expected a `Response`, `HttpResponse` or `HttpStreamingResponse` to be returned from the view, but received a `<class 'NoneType'>`
ERROR 2021-05-16 21:16:11,129 basehttp 161 "POST /parseexcel/ HTTP/1.1" 500 86466
INFO 2021-05-16 21:17:10,519 autoreload 636 Watching for file changes with StatReloader
ERROR 2021-05-16 21:17:13,517 log 230 Internal Server Error: /parseexcel/
Traceback (most recent call last):
  File "D:\PythonProject\Zeyou\venv\lib\site-packages\django\core\handlers\exception.py", line 47, in inner
    response = get_response(request)
  File "D:\PythonProject\Zeyou\venv\lib\site-packages\django\core\handlers\base.py", line 181, in _get_response
    response = wrapped_callback(request, *callback_args, **callback_kwargs)
  File "D:\PythonProject\Zeyou\venv\lib\site-packages\django\views\decorators\csrf.py", line 54, in wrapped_view
    return view_func(*args, **kwargs)
  File "D:\PythonProject\Zeyou\venv\lib\site-packages\django\views\generic\base.py", line 70, in view
    return self.dispatch(request, *args, **kwargs)
  File "D:\PythonProject\Zeyou\venv\lib\site-packages\rest_framework\views.py", line 511, in dispatch
    self.response = self.finalize_response(request, response, *args, **kwargs)
  File "D:\PythonProject\Zeyou\venv\lib\site-packages\rest_framework\views.py", line 426, in finalize_response
    % type(response)
AssertionError: Expected a `Response`, `HttpResponse` or `HttpStreamingResponse` to be returned from the view, but received a `<class 'NoneType'>`
ERROR 2021-05-16 21:17:13,519 basehttp 161 "POST /parseexcel/ HTTP/1.1" 500 86466
INFO 2021-05-16 21:17:57,952 autoreload 636 Watching for file changes with StatReloader
ERROR 2021-05-16 21:18:00,198 log 230 Internal Server Error: /parseexcel/
Traceback (most recent call last):
  File "D:\PythonProject\Zeyou\venv\lib\site-packages\django\core\handlers\exception.py", line 47, in inner
    response = get_response(request)
  File "D:\PythonProject\Zeyou\venv\lib\site-packages\django\core\handlers\base.py", line 181, in _get_response
    response = wrapped_callback(request, *callback_args, **callback_kwargs)
  File "D:\PythonProject\Zeyou\venv\lib\site-packages\django\views\decorators\csrf.py", line 54, in wrapped_view
    return view_func(*args, **kwargs)
  File "D:\PythonProject\Zeyou\venv\lib\site-packages\django\views\generic\base.py", line 70, in view
    return self.dispatch(request, *args, **kwargs)
  File "D:\PythonProject\Zeyou\venv\lib\site-packages\rest_framework\views.py", line 511, in dispatch
    self.response = self.finalize_response(request, response, *args, **kwargs)
  File "D:\PythonProject\Zeyou\venv\lib\site-packages\rest_framework\views.py", line 426, in finalize_response
    % type(response)
AssertionError: Expected a `Response`, `HttpResponse` or `HttpStreamingResponse` to be returned from the view, but received a `<class 'NoneType'>`
ERROR 2021-05-16 21:18:00,203 basehttp 161 "POST /parseexcel/ HTTP/1.1" 500 86466
INFO 2021-05-16 21:20:33,713 autoreload 636 Watching for file changes with StatReloader
ERROR 2021-05-16 21:20:48,586 log 230 Internal Server Error: /parseexcel/
Traceback (most recent call last):
  File "D:\PythonProject\Zeyou\venv\lib\site-packages\django\core\handlers\exception.py", line 47, in inner
    response = get_response(request)
  File "D:\PythonProject\Zeyou\venv\lib\site-packages\django\core\handlers\base.py", line 181, in _get_response
    response = wrapped_callback(request, *callback_args, **callback_kwargs)
  File "D:\PythonProject\Zeyou\venv\lib\site-packages\django\views\decorators\csrf.py", line 54, in wrapped_view
    return view_func(*args, **kwargs)
  File "D:\PythonProject\Zeyou\venv\lib\site-packages\django\views\generic\base.py", line 70, in view
    return self.dispatch(request, *args, **kwargs)
  File "D:\PythonProject\Zeyou\venv\lib\site-packages\rest_framework\views.py", line 511, in dispatch
    self.response = self.finalize_response(request, response, *args, **kwargs)
  File "D:\PythonProject\Zeyou\venv\lib\site-packages\rest_framework\views.py", line 426, in finalize_response
    % type(response)
AssertionError: Expected a `Response`, `HttpResponse` or `HttpStreamingResponse` to be returned from the view, but received a `<class 'NoneType'>`
ERROR 2021-05-16 21:20:48,588 basehttp 161 "POST /parseexcel/ HTTP/1.1" 500 86466
INFO 2021-05-16 21:30:24,263 autoreload 636 Watching for file changes with StatReloader
INFO 2021-05-16 21:30:28,161 basehttp 161 "POST /parseexcel/ HTTP/1.1" 200 46
INFO 2021-05-16 21:31:02,177 autoreload 250 D:\PythonProject\Zeyou\Zeyou\ZeyouSite\apps\users\views.py changed, reloading.
INFO 2021-05-16 21:31:07,502 autoreload 636 Watching for file changes with StatReloader
INFO 2021-05-16 21:31:09,592 basehttp 161 "POST /parseexcel/ HTTP/1.1" 200 46
INFO 2021-05-16 21:41:03,005 autoreload 636 Watching for file changes with StatReloader
ERROR 2021-05-16 21:41:06,892 log 230 Internal Server Error: /parseexcel/
Traceback (most recent call last):
  File "D:\PythonProject\Zeyou\venv\lib\site-packages\django\core\handlers\exception.py", line 47, in inner
    response = get_response(request)
  File "D:\PythonProject\Zeyou\venv\lib\site-packages\django\core\handlers\base.py", line 181, in _get_response
    response = wrapped_callback(request, *callback_args, **callback_kwargs)
  File "D:\PythonProject\Zeyou\venv\lib\site-packages\django\views\decorators\csrf.py", line 54, in wrapped_view
    return view_func(*args, **kwargs)
  File "D:\PythonProject\Zeyou\venv\lib\site-packages\django\views\generic\base.py", line 70, in view
    return self.dispatch(request, *args, **kwargs)
  File "D:\PythonProject\Zeyou\venv\lib\site-packages\rest_framework\views.py", line 509, in dispatch
    response = self.handle_exception(exc)
  File "D:\PythonProject\Zeyou\venv\lib\site-packages\rest_framework\views.py", line 469, in handle_exception
    self.raise_uncaught_exception(exc)
  File "D:\PythonProject\Zeyou\venv\lib\site-packages\rest_framework\views.py", line 480, in raise_uncaught_exception
    raise exc
  File "D:\PythonProject\Zeyou\venv\lib\site-packages\rest_framework\views.py", line 506, in dispatch
    response = handler(request, *args, **kwargs)
  File "D:\PythonProject\Zeyou\Zeyou\ZeyouSite\apps\users\views.py", line 186, in post
    year_index = r[key].find('')
AttributeError: 'int' object has no attribute 'find'
ERROR 2021-05-16 21:41:08,480 basehttp 161 "POST /parseexcel/ HTTP/1.1" 500 102143
INFO 2021-05-16 21:42:14,664 autoreload 250 D:\PythonProject\Zeyou\Zeyou\ZeyouSite\apps\users\views.py changed, reloading.
INFO 2021-05-16 21:42:15,505 autoreload 636 Watching for file changes with StatReloader
INFO 2021-05-16 21:42:20,555 autoreload 636 Watching for file changes with StatReloader
ERROR 2021-05-16 21:42:22,691 log 230 Internal Server Error: /parseexcel/
Traceback (most recent call last):
  File "D:\PythonProject\Zeyou\venv\lib\site-packages\django\core\handlers\exception.py", line 47, in inner
    response = get_response(request)
  File "D:\PythonProject\Zeyou\venv\lib\site-packages\django\core\handlers\base.py", line 181, in _get_response
    response = wrapped_callback(request, *callback_args, **callback_kwargs)
  File "D:\PythonProject\Zeyou\venv\lib\site-packages\django\views\decorators\csrf.py", line 54, in wrapped_view
    return view_func(*args, **kwargs)
  File "D:\PythonProject\Zeyou\venv\lib\site-packages\django\views\generic\base.py", line 70, in view
    return self.dispatch(request, *args, **kwargs)
  File "D:\PythonProject\Zeyou\venv\lib\site-packages\rest_framework\views.py", line 509, in dispatch
    response = self.handle_exception(exc)
  File "D:\PythonProject\Zeyou\venv\lib\site-packages\rest_framework\views.py", line 469, in handle_exception
    self.raise_uncaught_exception(exc)
  File "D:\PythonProject\Zeyou\venv\lib\site-packages\rest_framework\views.py", line 480, in raise_uncaught_exception
    raise exc
  File "D:\PythonProject\Zeyou\venv\lib\site-packages\rest_framework\views.py", line 506, in dispatch
    response = handler(request, *args, **kwargs)
  File "D:\PythonProject\Zeyou\Zeyou\ZeyouSite\apps\users\views.py", line 187, in post
    year_index = r[key].find('')
AttributeError: 'int' object has no attribute 'find'
ERROR 2021-05-16 21:42:22,694 basehttp 161 "POST /parseexcel/ HTTP/1.1" 500 102142
INFO 2021-05-16 21:43:30,651 autoreload 250 D:\PythonProject\Zeyou\Zeyou\ZeyouSite\apps\users\views.py changed, reloading.
INFO 2021-05-16 21:43:31,419 autoreload 636 Watching for file changes with StatReloader
INFO 2021-05-16 21:43:39,378 basehttp 161 "POST /parseexcel/ HTTP/1.1" 200 46
INFO 2021-05-16 21:44:55,175 autoreload 250 D:\PythonProject\Zeyou\Zeyou\ZeyouSite\apps\users\views.py changed, reloading.
INFO 2021-05-16 21:44:56,036 autoreload 636 Watching for file changes with StatReloader
INFO 2021-05-16 21:44:58,095 basehttp 161 "POST /parseexcel/ HTTP/1.1" 200 46
INFO 2021-05-16 21:45:07,438 autoreload 250 D:\PythonProject\Zeyou\Zeyou\ZeyouSite\apps\users\views.py changed, reloading.
INFO 2021-05-16 21:45:08,231 autoreload 636 Watching for file changes with StatReloader
INFO 2021-05-16 22:12:09,293 autoreload 250 D:\PythonProject\Zeyou\Zeyou\ZeyouSite\apps\users\views.py changed, reloading.
INFO 2021-05-16 22:12:10,077 autoreload 636 Watching for file changes with StatReloader
INFO 2021-05-16 22:13:12,196 autoreload 636 Watching for file changes with StatReloader
INFO 2021-05-16 22:13:16,515 basehttp 161 "POST /parseexcel/ HTTP/1.1" 200 46
INFO 2021-05-16 22:13:27,324 autoreload 250 D:\PythonProject\Zeyou\Zeyou\ZeyouSite\apps\users\views.py changed, reloading.
INFO 2021-05-16 22:13:28,026 autoreload 636 Watching for file changes with StatReloader
INFO 2021-05-16 22:18:13,369 autoreload 250 D:\PythonProject\Zeyou\Zeyou\ZeyouSite\apps\users\views.py changed, reloading.
INFO 2021-05-16 22:18:14,129 autoreload 636 Watching for file changes with StatReloader
INFO 2021-05-16 22:18:58,518 autoreload 250 D:\PythonProject\Zeyou\Zeyou\ZeyouSite\apps\users\views.py changed, reloading.
INFO 2021-05-16 22:18:59,260 autoreload 636 Watching for file changes with StatReloader
INFO 2021-05-16 22:19:07,400 autoreload 250 D:\PythonProject\Zeyou\Zeyou\ZeyouSite\apps\users\views.py changed, reloading.
INFO 2021-05-16 22:19:08,134 autoreload 636 Watching for file changes with StatReloader
INFO 2021-05-16 22:19:11,964 autoreload 250 D:\PythonProject\Zeyou\Zeyou\ZeyouSite\apps\users\views.py changed, reloading.
INFO 2021-05-16 22:19:12,766 autoreload 636 Watching for file changes with StatReloader
ERROR 2021-05-16 22:19:17,014 log 230 Internal Server Error: /parseexcel/
Traceback (most recent call last):
  File "D:\PythonProject\Zeyou\venv\lib\site-packages\django\core\handlers\exception.py", line 47, in inner
    response = get_response(request)
  File "D:\PythonProject\Zeyou\venv\lib\site-packages\django\core\handlers\base.py", line 181, in _get_response
    response = wrapped_callback(request, *callback_args, **callback_kwargs)
  File "D:\PythonProject\Zeyou\venv\lib\site-packages\django\views\decorators\csrf.py", line 54, in wrapped_view
    return view_func(*args, **kwargs)
  File "D:\PythonProject\Zeyou\venv\lib\site-packages\django\views\generic\base.py", line 70, in view
    return self.dispatch(request, *args, **kwargs)
  File "D:\PythonProject\Zeyou\venv\lib\site-packages\rest_framework\views.py", line 509, in dispatch
    response = self.handle_exception(exc)
  File "D:\PythonProject\Zeyou\venv\lib\site-packages\rest_framework\views.py", line 469, in handle_exception
    self.raise_uncaught_exception(exc)
  File "D:\PythonProject\Zeyou\venv\lib\site-packages\rest_framework\views.py", line 480, in raise_uncaught_exception
    raise exc
  File "D:\PythonProject\Zeyou\venv\lib\site-packages\rest_framework\views.py", line 506, in dispatch
    response = handler(request, *args, **kwargs)
  File "D:\PythonProject\Zeyou\Zeyou\ZeyouSite\apps\users\views.py", line 189, in post
    date = date(datetime[0], datetime[1], datetime[2])
UnboundLocalError: local variable 'date' referenced before assignment
ERROR 2021-05-16 22:19:17,020 basehttp 161 "POST /parseexcel/ HTTP/1.1" 500 102329
INFO 2021-05-16 22:19:29,519 autoreload 250 D:\PythonProject\Zeyou\Zeyou\ZeyouSite\apps\users\views.py changed, reloading.
INFO 2021-05-16 22:19:30,332 autoreload 636 Watching for file changes with StatReloader
INFO 2021-05-16 22:19:35,356 autoreload 250 D:\PythonProject\Zeyou\Zeyou\ZeyouSite\apps\users\views.py changed, reloading.
INFO 2021-05-16 22:19:36,084 autoreload 636 Watching for file changes with StatReloader
INFO 2021-05-16 22:19:38,429 basehttp 161 "POST /parseexcel/ HTTP/1.1" 200 46
INFO 2021-05-16 22:20:31,304 autoreload 250 D:\PythonProject\Zeyou\Zeyou\ZeyouSite\apps\users\views.py changed, reloading.
INFO 2021-05-16 22:20:32,189 autoreload 636 Watching for file changes with StatReloader
ERROR 2021-05-16 22:20:34,813 log 230 Internal Server Error: /parseexcel/
Traceback (most recent call last):
  File "D:\PythonProject\Zeyou\venv\lib\site-packages\django\core\handlers\exception.py", line 47, in inner
    response = get_response(request)
  File "D:\PythonProject\Zeyou\venv\lib\site-packages\django\core\handlers\base.py", line 181, in _get_response
    response = wrapped_callback(request, *callback_args, **callback_kwargs)
  File "D:\PythonProject\Zeyou\venv\lib\site-packages\django\views\decorators\csrf.py", line 54, in wrapped_view
    return view_func(*args, **kwargs)
  File "D:\PythonProject\Zeyou\venv\lib\site-packages\django\views\generic\base.py", line 70, in view
    return self.dispatch(request, *args, **kwargs)
  File "D:\PythonProject\Zeyou\venv\lib\site-packages\rest_framework\views.py", line 509, in dispatch
    response = self.handle_exception(exc)
  File "D:\PythonProject\Zeyou\venv\lib\site-packages\rest_framework\views.py", line 469, in handle_exception
    self.raise_uncaught_exception(exc)
  File "D:\PythonProject\Zeyou\venv\lib\site-packages\rest_framework\views.py", line 480, in raise_uncaught_exception
    raise exc
  File "D:\PythonProject\Zeyou\venv\lib\site-packages\rest_framework\views.py", line 506, in dispatch
    response = handler(request, *args, **kwargs)
  File "D:\PythonProject\Zeyou\Zeyou\ZeyouSite\apps\users\views.py", line 190, in post
    d = date(datetime)
TypeError: an integer is required (got type tuple)
ERROR 2021-05-16 22:20:34,818 basehttp 161 "POST /parseexcel/ HTTP/1.1" 500 102103
INFO 2021-05-16 22:20:48,001 autoreload 250 D:\PythonProject\Zeyou\Zeyou\ZeyouSite\apps\users\views.py changed, reloading.
INFO 2021-05-16 22:20:48,808 autoreload 636 Watching for file changes with StatReloader
INFO 2021-05-16 22:21:05,405 autoreload 250 D:\PythonProject\Zeyou\Zeyou\ZeyouSite\apps\users\views.py changed, reloading.
INFO 2021-05-16 22:21:06,148 autoreload 636 Watching for file changes with StatReloader
INFO 2021-05-16 22:22:05,548 autoreload 250 D:\PythonProject\Zeyou\Zeyou\ZeyouSite\apps\users\views.py changed, reloading.
INFO 2021-05-16 22:22:06,296 autoreload 636 Watching for file changes with StatReloader
INFO 2021-05-16 22:22:15,464 autoreload 250 D:\PythonProject\Zeyou\Zeyou\ZeyouSite\apps\users\views.py changed, reloading.
INFO 2021-05-16 22:22:16,243 autoreload 636 Watching for file changes with StatReloader
INFO 2021-05-16 22:22:25,432 autoreload 250 D:\PythonProject\Zeyou\Zeyou\ZeyouSite\apps\users\views.py changed, reloading.
INFO 2021-05-16 22:22:26,182 autoreload 636 Watching for file changes with StatReloader
INFO 2021-05-16 22:22:30,128 autoreload 250 D:\PythonProject\Zeyou\Zeyou\ZeyouSite\apps\users\views.py changed, reloading.
INFO 2021-05-16 22:22:30,901 autoreload 636 Watching for file changes with StatReloader
INFO 2021-05-16 22:22:46,391 autoreload 250 D:\PythonProject\Zeyou\Zeyou\ZeyouSite\apps\users\views.py changed, reloading.
INFO 2021-05-16 22:22:47,146 autoreload 636 Watching for file changes with StatReloader
INFO 2021-05-16 22:23:11,110 autoreload 250 D:\PythonProject\Zeyou\Zeyou\ZeyouSite\apps\users\views.py changed, reloading.
INFO 2021-05-16 22:23:11,911 autoreload 636 Watching for file changes with StatReloader
INFO 2021-05-16 22:23:21,050 autoreload 250 D:\PythonProject\Zeyou\Zeyou\ZeyouSite\apps\users\views.py changed, reloading.
INFO 2021-05-16 22:23:21,817 autoreload 636 Watching for file changes with StatReloader
INFO 2021-05-16 22:23:28,006 autoreload 636 Watching for file changes with StatReloader
INFO 2021-05-16 22:31:25,172 autoreload 636 Watching for file changes with StatReloader
ERROR 2021-05-16 22:31:36,175 log 230 Internal Server Error: /parseexcel/
Traceback (most recent call last):
  File "D:\PythonProject\Zeyou\venv\lib\site-packages\django\db\backends\utils.py", line 84, in _execute
    return self.cursor.execute(sql, params)
  File "D:\PythonProject\Zeyou\venv\lib\site-packages\django\db\backends\sqlite3\base.py", line 423, in execute
    return Database.Cursor.execute(self, query, params)
sqlite3.IntegrityError: NOT NULL constraint failed: users_student.phone

The above exception was the direct cause of the following exception:

Traceback (most recent call last):
  File "D:\PythonProject\Zeyou\venv\lib\site-packages\django\core\handlers\exception.py", line 47, in inner
    response = get_response(request)
  File "D:\PythonProject\Zeyou\venv\lib\site-packages\django\core\handlers\base.py", line 181, in _get_response
    response = wrapped_callback(request, *callback_args, **callback_kwargs)
  File "D:\PythonProject\Zeyou\venv\lib\site-packages\django\views\decorators\csrf.py", line 54, in wrapped_view
    return view_func(*args, **kwargs)
  File "D:\PythonProject\Zeyou\venv\lib\site-packages\django\views\generic\base.py", line 70, in view
    return self.dispatch(request, *args, **kwargs)
  File "D:\PythonProject\Zeyou\venv\lib\site-packages\rest_framework\views.py", line 509, in dispatch
    response = self.handle_exception(exc)
  File "D:\PythonProject\Zeyou\venv\lib\site-packages\rest_framework\views.py", line 469, in handle_exception
    self.raise_uncaught_exception(exc)
  File "D:\PythonProject\Zeyou\venv\lib\site-packages\rest_framework\views.py", line 480, in raise_uncaught_exception
    raise exc
  File "D:\PythonProject\Zeyou\venv\lib\site-packages\rest_framework\views.py", line 506, in dispatch
    response = handler(request, *args, **kwargs)
  File "D:\PythonProject\Zeyou\Zeyou\ZeyouSite\apps\users\views.py", line 208, in post
    Student.objects.bulk_create(sqllist)
  File "D:\PythonProject\Zeyou\venv\lib\site-packages\django\db\models\manager.py", line 85, in manager_method
    return getattr(self.get_queryset(), name)(*args, **kwargs)
  File "D:\PythonProject\Zeyou\venv\lib\site-packages\django\db\models\query.py", line 515, in bulk_create
    objs_without_pk, fields, batch_size, ignore_conflicts=ignore_conflicts,
  File "D:\PythonProject\Zeyou\venv\lib\site-packages\django\db\models\query.py", line 1293, in _batched_insert
    self._insert(item, fields=fields, using=self.db, ignore_conflicts=ignore_conflicts)
  File "D:\PythonProject\Zeyou\venv\lib\site-packages\django\db\models\query.py", line 1270, in _insert
    return query.get_compiler(using=using).execute_sql(returning_fields)
  File "D:\PythonProject\Zeyou\venv\lib\site-packages\django\db\models\sql\compiler.py", line 1410, in execute_sql
    cursor.execute(sql, params)
  File "D:\PythonProject\Zeyou\venv\lib\site-packages\django\db\backends\utils.py", line 98, in execute
    return super().execute(sql, params)
  File "D:\PythonProject\Zeyou\venv\lib\site-packages\django\db\backends\utils.py", line 66, in execute
    return self._execute_with_wrappers(sql, params, many=False, executor=self._execute)
  File "D:\PythonProject\Zeyou\venv\lib\site-packages\django\db\backends\utils.py", line 75, in _execute_with_wrappers
    return executor(sql, params, many, context)
  File "D:\PythonProject\Zeyou\venv\lib\site-packages\django\db\backends\utils.py", line 84, in _execute
    return self.cursor.execute(sql, params)
  File "D:\PythonProject\Zeyou\venv\lib\site-packages\django\db\utils.py", line 90, in __exit__
    raise dj_exc_value.with_traceback(traceback) from exc_value
  File "D:\PythonProject\Zeyou\venv\lib\site-packages\django\db\backends\utils.py", line 84, in _execute
    return self.cursor.execute(sql, params)
  File "D:\PythonProject\Zeyou\venv\lib\site-packages\django\db\backends\sqlite3\base.py", line 423, in execute
    return Database.Cursor.execute(self, query, params)
django.db.utils.IntegrityError: NOT NULL constraint failed: users_student.phone
ERROR 2021-05-16 22:31:36,183 basehttp 161 "POST /parseexcel/ HTTP/1.1" 500 325380
INFO 2021-05-16 22:32:53,701 autoreload 636 Watching for file changes with StatReloader
ERROR 2021-05-16 22:32:57,232 log 230 Internal Server Error: /parseexcel/
Traceback (most recent call last):
  File "D:\PythonProject\Zeyou\venv\lib\site-packages\django\core\handlers\exception.py", line 47, in inner
    response = get_response(request)
  File "D:\PythonProject\Zeyou\venv\lib\site-packages\django\core\handlers\base.py", line 181, in _get_response
    response = wrapped_callback(request, *callback_args, **callback_kwargs)
  File "D:\PythonProject\Zeyou\venv\lib\site-packages\django\views\decorators\csrf.py", line 54, in wrapped_view
    return view_func(*args, **kwargs)
  File "D:\PythonProject\Zeyou\venv\lib\site-packages\django\views\generic\base.py", line 70, in view
    return self.dispatch(request, *args, **kwargs)
  File "D:\PythonProject\Zeyou\venv\lib\site-packages\rest_framework\views.py", line 509, in dispatch
    response = self.handle_exception(exc)
  File "D:\PythonProject\Zeyou\venv\lib\site-packages\rest_framework\views.py", line 469, in handle_exception
    self.raise_uncaught_exception(exc)
  File "D:\PythonProject\Zeyou\venv\lib\site-packages\rest_framework\views.py", line 480, in raise_uncaught_exception
    raise exc
  File "D:\PythonProject\Zeyou\venv\lib\site-packages\rest_framework\views.py", line 506, in dispatch
    response = handler(request, *args, **kwargs)
  File "D:\PythonProject\Zeyou\Zeyou\ZeyouSite\apps\users\views.py", line 204, in post
    if len(phone) == 0:
TypeError: object of type 'NoneType' has no len()
ERROR 2021-05-16 22:32:57,237 basehttp 161 "POST /parseexcel/ HTTP/1.1" 500 113191
INFO 2021-05-16 22:33:25,243 autoreload 250 D:\PythonProject\Zeyou\Zeyou\ZeyouSite\apps\users\views.py changed, reloading.
INFO 2021-05-16 22:33:26,000 autoreload 636 Watching for file changes with StatReloader
INFO 2021-05-16 22:33:28,759 autoreload 250 D:\PythonProject\Zeyou\Zeyou\ZeyouSite\apps\users\views.py changed, reloading.
INFO 2021-05-16 22:33:29,480 autoreload 636 Watching for file changes with StatReloader
INFO 2021-05-16 22:33:39,640 autoreload 250 D:\PythonProject\Zeyou\Zeyou\ZeyouSite\apps\users\views.py changed, reloading.
INFO 2021-05-16 22:33:40,660 autoreload 636 Watching for file changes with StatReloader
INFO 2021-05-16 22:33:52,029 autoreload 250 D:\PythonProject\Zeyou\Zeyou\ZeyouSite\apps\users\views.py changed, reloading.
INFO 2021-05-16 22:33:52,823 autoreload 636 Watching for file changes with StatReloader
INFO 2021-05-16 22:33:54,536 autoreload 250 D:\PythonProject\Zeyou\Zeyou\ZeyouSite\apps\users\views.py changed, reloading.
INFO 2021-05-16 22:33:55,324 autoreload 636 Watching for file changes with StatReloader
INFO 2021-05-16 22:33:58,934 basehttp 161 "POST /parseexcel/ HTTP/1.1" 200 46
INFO 2021-05-16 22:34:13,086 autoreload 250 D:\PythonProject\Zeyou\Zeyou\ZeyouSite\apps\users\views.py changed, reloading.
INFO 2021-05-16 22:34:14,008 autoreload 636 Watching for file changes with StatReloader
INFO 2021-05-17 21:49:37,008 autoreload 636 Watching for file changes with StatReloader
ERROR 2021-05-17 21:50:32,463 log 230 Internal Server Error: /parseexcel/
Traceback (most recent call last):
  File "D:\PythonProject\Zeyou\venv\lib\site-packages\django\core\handlers\exception.py", line 47, in inner
    response = get_response(request)
  File "D:\PythonProject\Zeyou\venv\lib\site-packages\django\core\handlers\base.py", line 181, in _get_response
    response = wrapped_callback(request, *callback_args, **callback_kwargs)
  File "D:\PythonProject\Zeyou\venv\lib\site-packages\django\views\decorators\csrf.py", line 54, in wrapped_view
    return view_func(*args, **kwargs)
  File "D:\PythonProject\Zeyou\venv\lib\site-packages\django\views\generic\base.py", line 70, in view
    return self.dispatch(request, *args, **kwargs)
  File "D:\PythonProject\Zeyou\venv\lib\site-packages\rest_framework\views.py", line 509, in dispatch
    response = self.handle_exception(exc)
  File "D:\PythonProject\Zeyou\venv\lib\site-packages\rest_framework\views.py", line 469, in handle_exception
    self.raise_uncaught_exception(exc)
  File "D:\PythonProject\Zeyou\venv\lib\site-packages\rest_framework\views.py", line 480, in raise_uncaught_exception
    raise exc
  File "D:\PythonProject\Zeyou\venv\lib\site-packages\rest_framework\views.py", line 506, in dispatch
    response = handler(request, *args, **kwargs)
  File "D:\PythonProject\Zeyou\Zeyou\ZeyouSite\apps\users\views.py", line 229, in post
    datetime = xlrd.xldate_as_tuple(r[key], 0)  # 
  File "D:\PythonProject\Zeyou\venv\lib\site-packages\xlrd\xldate.py", line 95, in xldate_as_tuple
    if xldate < 0.00:
TypeError: '<' not supported between instances of 'str' and 'float'
ERROR 2021-05-17 21:50:34,108 basehttp 161 "POST /parseexcel/ HTTP/1.1" 500 105923
INFO 2021-05-17 21:51:40,537 autoreload 250 D:\PythonProject\Zeyou\Zeyou\ZeyouSite\apps\users\views.py changed, reloading.
INFO 2021-05-17 21:51:41,285 autoreload 636 Watching for file changes with StatReloader
INFO 2021-05-17 21:51:47,815 autoreload 250 D:\PythonProject\Zeyou\Zeyou\ZeyouSite\apps\users\views.py changed, reloading.
INFO 2021-05-17 21:51:48,739 autoreload 636 Watching for file changes with StatReloader
INFO 2021-05-17 21:51:56,306 autoreload 250 D:\PythonProject\Zeyou\Zeyou\ZeyouSite\apps\users\views.py changed, reloading.
INFO 2021-05-17 21:51:57,030 autoreload 636 Watching for file changes with StatReloader
INFO 2021-05-17 21:51:59,333 autoreload 250 D:\PythonProject\Zeyou\Zeyou\ZeyouSite\apps\users\views.py changed, reloading.
INFO 2021-05-17 21:52:00,073 autoreload 636 Watching for file changes with StatReloader
INFO 2021-05-17 21:52:01,755 autoreload 250 D:\PythonProject\Zeyou\Zeyou\ZeyouSite\apps\users\views.py changed, reloading.
INFO 2021-05-17 21:52:02,544 autoreload 636 Watching for file changes with StatReloader
INFO 2021-05-17 21:52:08,481 autoreload 250 D:\PythonProject\Zeyou\Zeyou\ZeyouSite\apps\users\views.py changed, reloading.
INFO 2021-05-17 21:52:09,244 autoreload 636 Watching for file changes with StatReloader
ERROR 2021-05-17 21:52:22,897 log 230 Internal Server Error: /parseexcel/
Traceback (most recent call last):
  File "D:\PythonProject\Zeyou\venv\lib\site-packages\django\core\handlers\exception.py", line 47, in inner
    response = get_response(request)
  File "D:\PythonProject\Zeyou\venv\lib\site-packages\django\core\handlers\base.py", line 181, in _get_response
    response = wrapped_callback(request, *callback_args, **callback_kwargs)
  File "D:\PythonProject\Zeyou\venv\lib\site-packages\django\views\decorators\csrf.py", line 54, in wrapped_view
    return view_func(*args, **kwargs)
  File "D:\PythonProject\Zeyou\venv\lib\site-packages\django\views\generic\base.py", line 70, in view
    return self.dispatch(request, *args, **kwargs)
  File "D:\PythonProject\Zeyou\venv\lib\site-packages\rest_framework\views.py", line 509, in dispatch
    response = self.handle_exception(exc)
  File "D:\PythonProject\Zeyou\venv\lib\site-packages\rest_framework\views.py", line 469, in handle_exception
    self.raise_uncaught_exception(exc)
  File "D:\PythonProject\Zeyou\venv\lib\site-packages\rest_framework\views.py", line 480, in raise_uncaught_exception
    raise exc
  File "D:\PythonProject\Zeyou\venv\lib\site-packages\rest_framework\views.py", line 506, in dispatch
    response = handler(request, *args, **kwargs)
  File "D:\PythonProject\Zeyou\Zeyou\ZeyouSite\apps\users\views.py", line 228, in post
    datetime = xlrd.xldate_as_tuple(r[key], 0)  # 
  File "D:\PythonProject\Zeyou\venv\lib\site-packages\xlrd\xldate.py", line 95, in xldate_as_tuple
    if xldate < 0.00:
TypeError: '<' not supported between instances of 'str' and 'float'
ERROR 2021-05-17 21:52:22,902 basehttp 161 "POST /parseexcel/ HTTP/1.1" 500 105961
INFO 2021-05-17 21:52:50,842 autoreload 250 D:\PythonProject\Zeyou\Zeyou\ZeyouSite\apps\users\views.py changed, reloading.
INFO 2021-05-17 21:52:51,645 autoreload 636 Watching for file changes with StatReloader
ERROR 2021-05-17 21:52:55,249 log 230 Internal Server Error: /parseexcel/
Traceback (most recent call last):
  File "D:\PythonProject\Zeyou\venv\lib\site-packages\django\core\handlers\exception.py", line 47, in inner
    response = get_response(request)
  File "D:\PythonProject\Zeyou\venv\lib\site-packages\django\core\handlers\base.py", line 181, in _get_response
    response = wrapped_callback(request, *callback_args, **callback_kwargs)
  File "D:\PythonProject\Zeyou\venv\lib\site-packages\django\views\decorators\csrf.py", line 54, in wrapped_view
    return view_func(*args, **kwargs)
  File "D:\PythonProject\Zeyou\venv\lib\site-packages\django\views\generic\base.py", line 70, in view
    return self.dispatch(request, *args, **kwargs)
  File "D:\PythonProject\Zeyou\venv\lib\site-packages\rest_framework\views.py", line 509, in dispatch
    response = self.handle_exception(exc)
  File "D:\PythonProject\Zeyou\venv\lib\site-packages\rest_framework\views.py", line 469, in handle_exception
    self.raise_uncaught_exception(exc)
  File "D:\PythonProject\Zeyou\venv\lib\site-packages\rest_framework\views.py", line 480, in raise_uncaught_exception
    raise exc
  File "D:\PythonProject\Zeyou\venv\lib\site-packages\rest_framework\views.py", line 506, in dispatch
    response = handler(request, *args, **kwargs)
  File "D:\PythonProject\Zeyou\Zeyou\ZeyouSite\apps\users\views.py", line 227, in post
    if r[key] is not None and r[key] > 0:
TypeError: '>' not supported between instances of 'str' and 'int'
ERROR 2021-05-17 21:52:55,253 basehttp 161 "POST /parseexcel/ HTTP/1.1" 500 102226
INFO 2021-05-17 21:54:10,235 autoreload 250 D:\PythonProject\Zeyou\Zeyou\ZeyouSite\apps\users\views.py changed, reloading.
INFO 2021-05-17 21:54:11,006 autoreload 636 Watching for file changes with StatReloader
INFO 2021-05-17 21:54:17,995 autoreload 250 D:\PythonProject\Zeyou\Zeyou\ZeyouSite\apps\users\views.py changed, reloading.
INFO 2021-05-17 21:54:18,704 autoreload 636 Watching for file changes with StatReloader
ERROR 2021-05-17 21:54:22,663 log 230 Internal Server Error: /parseexcel/
Traceback (most recent call last):
  File "D:\PythonProject\Zeyou\venv\lib\site-packages\django\core\handlers\exception.py", line 47, in inner
    response = get_response(request)
  File "D:\PythonProject\Zeyou\venv\lib\site-packages\django\core\handlers\base.py", line 181, in _get_response
    response = wrapped_callback(request, *callback_args, **callback_kwargs)
  File "D:\PythonProject\Zeyou\venv\lib\site-packages\django\views\decorators\csrf.py", line 54, in wrapped_view
    return view_func(*args, **kwargs)
  File "D:\PythonProject\Zeyou\venv\lib\site-packages\django\views\generic\base.py", line 70, in view
    return self.dispatch(request, *args, **kwargs)
  File "D:\PythonProject\Zeyou\venv\lib\site-packages\rest_framework\views.py", line 509, in dispatch
    response = self.handle_exception(exc)
  File "D:\PythonProject\Zeyou\venv\lib\site-packages\rest_framework\views.py", line 469, in handle_exception
    self.raise_uncaught_exception(exc)
  File "D:\PythonProject\Zeyou\venv\lib\site-packages\rest_framework\views.py", line 480, in raise_uncaught_exception
    raise exc
  File "D:\PythonProject\Zeyou\venv\lib\site-packages\rest_framework\views.py", line 506, in dispatch
    response = handler(request, *args, **kwargs)
  File "D:\PythonProject\Zeyou\Zeyou\ZeyouSite\apps\users\views.py", line 229, in post
    datetime = xlrd.xldate_as_tuple(r[key], 0)  # 
  File "D:\PythonProject\Zeyou\venv\lib\site-packages\xlrd\xldate.py", line 95, in xldate_as_tuple
    if xldate < 0.00:
TypeError: '<' not supported between instances of 'str' and 'float'
ERROR 2021-05-17 21:54:22,669 basehttp 161 "POST /parseexcel/ HTTP/1.1" 500 106002
INFO 2021-05-17 21:54:51,734 autoreload 250 D:\PythonProject\Zeyou\Zeyou\ZeyouSite\apps\users\views.py changed, reloading.
INFO 2021-05-17 21:54:52,502 autoreload 636 Watching for file changes with StatReloader
ERROR 2021-05-17 21:55:14,626 log 230 Internal Server Error: /parseexcel/
Traceback (most recent call last):
  File "D:\PythonProject\Zeyou\venv\lib\site-packages\django\core\handlers\exception.py", line 47, in inner
    response = get_response(request)
  File "D:\PythonProject\Zeyou\venv\lib\site-packages\django\core\handlers\base.py", line 181, in _get_response
    response = wrapped_callback(request, *callback_args, **callback_kwargs)
  File "D:\PythonProject\Zeyou\venv\lib\site-packages\django\views\decorators\csrf.py", line 54, in wrapped_view
    return view_func(*args, **kwargs)
  File "D:\PythonProject\Zeyou\venv\lib\site-packages\django\views\generic\base.py", line 70, in view
    return self.dispatch(request, *args, **kwargs)
  File "D:\PythonProject\Zeyou\venv\lib\site-packages\rest_framework\views.py", line 509, in dispatch
    response = self.handle_exception(exc)
  File "D:\PythonProject\Zeyou\venv\lib\site-packages\rest_framework\views.py", line 469, in handle_exception
    self.raise_uncaught_exception(exc)
  File "D:\PythonProject\Zeyou\venv\lib\site-packages\rest_framework\views.py", line 480, in raise_uncaught_exception
    raise exc
  File "D:\PythonProject\Zeyou\venv\lib\site-packages\rest_framework\views.py", line 506, in dispatch
    response = handler(request, *args, **kwargs)
  File "D:\PythonProject\Zeyou\Zeyou\ZeyouSite\apps\users\views.py", line 248, in post
    Academy.objects.bulk_create(sqllist)
  File "D:\PythonProject\Zeyou\venv\lib\site-packages\django\db\models\manager.py", line 85, in manager_method
    return getattr(self.get_queryset(), name)(*args, **kwargs)
  File "D:\PythonProject\Zeyou\venv\lib\site-packages\django\db\models\query.py", line 515, in bulk_create
    objs_without_pk, fields, batch_size, ignore_conflicts=ignore_conflicts,
  File "D:\PythonProject\Zeyou\venv\lib\site-packages\django\db\models\query.py", line 1293, in _batched_insert
    self._insert(item, fields=fields, using=self.db, ignore_conflicts=ignore_conflicts)
  File "D:\PythonProject\Zeyou\venv\lib\site-packages\django\db\models\query.py", line 1270, in _insert
    return query.get_compiler(using=using).execute_sql(returning_fields)
  File "D:\PythonProject\Zeyou\venv\lib\site-packages\django\db\models\sql\compiler.py", line 1409, in execute_sql
    for sql, params in self.as_sql():
  File "D:\PythonProject\Zeyou\venv\lib\site-packages\django\db\models\sql\compiler.py", line 1354, in as_sql
    for obj in self.query.objs
  File "D:\PythonProject\Zeyou\venv\lib\site-packages\django\db\models\sql\compiler.py", line 1354, in <listcomp>
    for obj in self.query.objs
  File "D:\PythonProject\Zeyou\venv\lib\site-packages\django\db\models\sql\compiler.py", line 1353, in <listcomp>
    [self.prepare_value(field, self.pre_save_val(field, obj)) for field in fields]
  File "D:\PythonProject\Zeyou\venv\lib\site-packages\django\db\models\sql\compiler.py", line 1294, in prepare_value
    value = field.get_db_prep_save(value, connection=self.connection)
  File "D:\PythonProject\Zeyou\venv\lib\site-packages\django\db\models\fields\__init__.py", line 842, in get_db_prep_save
    return self.get_db_prep_value(value, connection=connection, prepared=False)
  File "D:\PythonProject\Zeyou\venv\lib\site-packages\django\db\models\fields\__init__.py", line 1271, in get_db_prep_value
    value = self.get_prep_value(value)
  File "D:\PythonProject\Zeyou\venv\lib\site-packages\django\db\models\fields\__init__.py", line 1266, in get_prep_value
    return self.to_python(value)
  File "D:\PythonProject\Zeyou\venv\lib\site-packages\django\db\models\fields\__init__.py", line 1241, in to_python
    params={'value': value},
django.core.exceptions.ValidationError: [' value has an invalid date format. It must be in YYYY-MM-DD format.']
ERROR 2021-05-17 21:55:14,637 basehttp 161 "POST /parseexcel/ HTTP/1.1" 500 180917
INFO 2021-05-17 21:56:47,904 autoreload 250 D:\PythonProject\Zeyou\Zeyou\ZeyouSite\apps\users\views.py changed, reloading.
INFO 2021-05-17 21:56:48,804 autoreload 636 Watching for file changes with StatReloader
ERROR 2021-05-17 21:56:52,144 log 230 Internal Server Error: /parseexcel/
Traceback (most recent call last):
  File "D:\PythonProject\Zeyou\venv\lib\site-packages\django\core\handlers\exception.py", line 47, in inner
    response = get_response(request)
  File "D:\PythonProject\Zeyou\venv\lib\site-packages\django\core\handlers\base.py", line 181, in _get_response
    response = wrapped_callback(request, *callback_args, **callback_kwargs)
  File "D:\PythonProject\Zeyou\venv\lib\site-packages\django\views\decorators\csrf.py", line 54, in wrapped_view
    return view_func(*args, **kwargs)
  File "D:\PythonProject\Zeyou\venv\lib\site-packages\django\views\generic\base.py", line 70, in view
    return self.dispatch(request, *args, **kwargs)
  File "D:\PythonProject\Zeyou\venv\lib\site-packages\rest_framework\views.py", line 509, in dispatch
    response = self.handle_exception(exc)
  File "D:\PythonProject\Zeyou\venv\lib\site-packages\rest_framework\views.py", line 469, in handle_exception
    self.raise_uncaught_exception(exc)
  File "D:\PythonProject\Zeyou\venv\lib\site-packages\rest_framework\views.py", line 480, in raise_uncaught_exception
    raise exc
  File "D:\PythonProject\Zeyou\venv\lib\site-packages\rest_framework\views.py", line 506, in dispatch
    response = handler(request, *args, **kwargs)
  File "D:\PythonProject\Zeyou\Zeyou\ZeyouSite\apps\users\views.py", line 233, in post
    r[key] = date(0, 0, 0)
ValueError: year 0 is out of range
ERROR 2021-05-17 21:56:52,147 basehttp 161 "POST /parseexcel/ HTTP/1.1" 500 101647
INFO 2021-05-17 21:58:18,012 autoreload 250 D:\PythonProject\Zeyou\Zeyou\ZeyouSite\apps\users\models.py changed, reloading.
INFO 2021-05-17 21:58:18,765 autoreload 636 Watching for file changes with StatReloader
INFO 2021-05-17 21:58:26,835 autoreload 250 D:\PythonProject\Zeyou\Zeyou\ZeyouSite\apps\users\models.py changed, reloading.
INFO 2021-05-17 21:58:27,570 autoreload 636 Watching for file changes with StatReloader
INFO 2021-05-17 21:59:24,678 autoreload 250 D:\PythonProject\Zeyou\Zeyou\ZeyouSite\apps\users\views.py changed, reloading.
INFO 2021-05-17 21:59:25,547 autoreload 636 Watching for file changes with StatReloader
INFO 2021-05-17 21:59:36,813 autoreload 250 D:\PythonProject\Zeyou\Zeyou\ZeyouSite\apps\users\views.py changed, reloading.
INFO 2021-05-17 21:59:37,639 autoreload 636 Watching for file changes with StatReloader
INFO 2021-05-17 21:59:59,585 autoreload 250 D:\PythonProject\Zeyou\Zeyou\ZeyouSite\apps\users\views.py changed, reloading.
INFO 2021-05-17 22:00:00,384 autoreload 636 Watching for file changes with StatReloader
ERROR 2021-05-17 22:00:21,179 log 230 Internal Server Error: /parseexcel/
Traceback (most recent call last):
  File "D:\PythonProject\Zeyou\venv\lib\site-packages\django\core\handlers\exception.py", line 47, in inner
    response = get_response(request)
  File "D:\PythonProject\Zeyou\venv\lib\site-packages\django\core\handlers\base.py", line 181, in _get_response
    response = wrapped_callback(request, *callback_args, **callback_kwargs)
  File "D:\PythonProject\Zeyou\venv\lib\site-packages\django\views\decorators\csrf.py", line 54, in wrapped_view
    return view_func(*args, **kwargs)
  File "D:\PythonProject\Zeyou\venv\lib\site-packages\django\views\generic\base.py", line 70, in view
    return self.dispatch(request, *args, **kwargs)
  File "D:\PythonProject\Zeyou\venv\lib\site-packages\rest_framework\views.py", line 509, in dispatch
    response = self.handle_exception(exc)
  File "D:\PythonProject\Zeyou\venv\lib\site-packages\rest_framework\views.py", line 469, in handle_exception
    self.raise_uncaught_exception(exc)
  File "D:\PythonProject\Zeyou\venv\lib\site-packages\rest_framework\views.py", line 480, in raise_uncaught_exception
    raise exc
  File "D:\PythonProject\Zeyou\venv\lib\site-packages\rest_framework\views.py", line 506, in dispatch
    response = handler(request, *args, **kwargs)
  File "D:\PythonProject\Zeyou\Zeyou\ZeyouSite\apps\users\views.py", line 233, in post
    r[key] = datetime.utcnow
UnboundLocalError: local variable 'datetime' referenced before assignment
ERROR 2021-05-17 22:00:21,183 basehttp 161 "POST /parseexcel/ HTTP/1.1" 500 101959
INFO 2021-05-17 22:01:19,052 autoreload 250 D:\PythonProject\Zeyou\Zeyou\ZeyouSite\apps\users\views.py changed, reloading.
INFO 2021-05-17 22:01:19,953 autoreload 636 Watching for file changes with StatReloader
INFO 2021-05-17 22:01:57,949 autoreload 250 D:\PythonProject\Zeyou\Zeyou\ZeyouSite\apps\users\views.py changed, reloading.
INFO 2021-05-17 22:01:58,710 autoreload 636 Watching for file changes with StatReloader
INFO 2021-05-17 22:02:17,432 autoreload 250 D:\PythonProject\Zeyou\Zeyou\ZeyouSite\apps\users\views.py changed, reloading.
INFO 2021-05-17 22:02:18,244 autoreload 636 Watching for file changes with StatReloader
INFO 2021-05-17 22:02:34,836 autoreload 250 D:\PythonProject\Zeyou\Zeyou\ZeyouSite\apps\users\views.py changed, reloading.
INFO 2021-05-17 22:02:35,573 autoreload 636 Watching for file changes with StatReloader
ERROR 2021-05-17 22:02:41,761 log 230 Internal Server Error: /parseexcel/
Traceback (most recent call last):
  File "D:\PythonProject\Zeyou\venv\lib\site-packages\django\core\handlers\exception.py", line 47, in inner
    response = get_response(request)
  File "D:\PythonProject\Zeyou\venv\lib\site-packages\django\core\handlers\base.py", line 181, in _get_response
    response = wrapped_callback(request, *callback_args, **callback_kwargs)
  File "D:\PythonProject\Zeyou\venv\lib\site-packages\django\views\decorators\csrf.py", line 54, in wrapped_view
    return view_func(*args, **kwargs)
  File "D:\PythonProject\Zeyou\venv\lib\site-packages\django\views\generic\base.py", line 70, in view
    return self.dispatch(request, *args, **kwargs)
  File "D:\PythonProject\Zeyou\venv\lib\site-packages\rest_framework\views.py", line 509, in dispatch
    response = self.handle_exception(exc)
  File "D:\PythonProject\Zeyou\venv\lib\site-packages\rest_framework\views.py", line 469, in handle_exception
    self.raise_uncaught_exception(exc)
  File "D:\PythonProject\Zeyou\venv\lib\site-packages\rest_framework\views.py", line 480, in raise_uncaught_exception
    raise exc
  File "D:\PythonProject\Zeyou\venv\lib\site-packages\rest_framework\views.py", line 506, in dispatch
    response = handler(request, *args, **kwargs)
  File "D:\PythonProject\Zeyou\Zeyou\ZeyouSite\apps\users\views.py", line 250, in post
    Academy.objects.bulk_create(sqllist)
  File "D:\PythonProject\Zeyou\venv\lib\site-packages\django\db\models\manager.py", line 85, in manager_method
    return getattr(self.get_queryset(), name)(*args, **kwargs)
  File "D:\PythonProject\Zeyou\venv\lib\site-packages\django\db\models\query.py", line 515, in bulk_create
    objs_without_pk, fields, batch_size, ignore_conflicts=ignore_conflicts,
  File "D:\PythonProject\Zeyou\venv\lib\site-packages\django\db\models\query.py", line 1293, in _batched_insert
    self._insert(item, fields=fields, using=self.db, ignore_conflicts=ignore_conflicts)
  File "D:\PythonProject\Zeyou\venv\lib\site-packages\django\db\models\query.py", line 1270, in _insert
    return query.get_compiler(using=using).execute_sql(returning_fields)
  File "D:\PythonProject\Zeyou\venv\lib\site-packages\django\db\models\sql\compiler.py", line 1409, in execute_sql
    for sql, params in self.as_sql():
  File "D:\PythonProject\Zeyou\venv\lib\site-packages\django\db\models\sql\compiler.py", line 1354, in as_sql
    for obj in self.query.objs
  File "D:\PythonProject\Zeyou\venv\lib\site-packages\django\db\models\sql\compiler.py", line 1354, in <listcomp>
    for obj in self.query.objs
  File "D:\PythonProject\Zeyou\venv\lib\site-packages\django\db\models\sql\compiler.py", line 1353, in <listcomp>
    [self.prepare_value(field, self.pre_save_val(field, obj)) for field in fields]
  File "D:\PythonProject\Zeyou\venv\lib\site-packages\django\db\models\sql\compiler.py", line 1294, in prepare_value
    value = field.get_db_prep_save(value, connection=self.connection)
  File "D:\PythonProject\Zeyou\venv\lib\site-packages\django\db\models\fields\__init__.py", line 842, in get_db_prep_save
    return self.get_db_prep_value(value, connection=connection, prepared=False)
  File "D:\PythonProject\Zeyou\venv\lib\site-packages\django\db\models\fields\__init__.py", line 1271, in get_db_prep_value
    value = self.get_prep_value(value)
  File "D:\PythonProject\Zeyou\venv\lib\site-packages\django\db\models\fields\__init__.py", line 1266, in get_prep_value
    return self.to_python(value)
  File "D:\PythonProject\Zeyou\venv\lib\site-packages\django\db\models\fields\__init__.py", line 1228, in to_python
    parsed = parse_date(value)
  File "D:\PythonProject\Zeyou\venv\lib\site-packages\django\utils\dateparse.py", line 75, in parse_date
    match = date_re.match(value)
TypeError: expected string or bytes-like object
ERROR 2021-05-17 22:02:41,768 basehttp 161 "POST /parseexcel/ HTTP/1.1" 500 183557
INFO 2021-05-17 22:04:52,861 autoreload 250 D:\PythonProject\Zeyou\Zeyou\ZeyouSite\apps\users\views.py changed, reloading.
INFO 2021-05-17 22:04:53,587 autoreload 636 Watching for file changes with StatReloader
ERROR 2021-05-17 22:04:59,512 log 230 Internal Server Error: /parseexcel/
Traceback (most recent call last):
  File "D:\PythonProject\Zeyou\venv\lib\site-packages\django\core\handlers\exception.py", line 47, in inner
    response = get_response(request)
  File "D:\PythonProject\Zeyou\venv\lib\site-packages\django\core\handlers\base.py", line 181, in _get_response
    response = wrapped_callback(request, *callback_args, **callback_kwargs)
  File "D:\PythonProject\Zeyou\venv\lib\site-packages\django\views\decorators\csrf.py", line 54, in wrapped_view
    return view_func(*args, **kwargs)
  File "D:\PythonProject\Zeyou\venv\lib\site-packages\django\views\generic\base.py", line 70, in view
    return self.dispatch(request, *args, **kwargs)
  File "D:\PythonProject\Zeyou\venv\lib\site-packages\rest_framework\views.py", line 509, in dispatch
    response = self.handle_exception(exc)
  File "D:\PythonProject\Zeyou\venv\lib\site-packages\rest_framework\views.py", line 469, in handle_exception
    self.raise_uncaught_exception(exc)
  File "D:\PythonProject\Zeyou\venv\lib\site-packages\rest_framework\views.py", line 480, in raise_uncaught_exception
    raise exc
  File "D:\PythonProject\Zeyou\venv\lib\site-packages\rest_framework\views.py", line 506, in dispatch
    response = handler(request, *args, **kwargs)
  File "D:\PythonProject\Zeyou\Zeyou\ZeyouSite\apps\users\views.py", line 251, in post
    Academy.objects.bulk_create(sqllist)
  File "D:\PythonProject\Zeyou\venv\lib\site-packages\django\db\models\manager.py", line 85, in manager_method
    return getattr(self.get_queryset(), name)(*args, **kwargs)
  File "D:\PythonProject\Zeyou\venv\lib\site-packages\django\db\models\query.py", line 515, in bulk_create
    objs_without_pk, fields, batch_size, ignore_conflicts=ignore_conflicts,
  File "D:\PythonProject\Zeyou\venv\lib\site-packages\django\db\models\query.py", line 1293, in _batched_insert
    self._insert(item, fields=fields, using=self.db, ignore_conflicts=ignore_conflicts)
  File "D:\PythonProject\Zeyou\venv\lib\site-packages\django\db\models\query.py", line 1270, in _insert
    return query.get_compiler(using=using).execute_sql(returning_fields)
  File "D:\PythonProject\Zeyou\venv\lib\site-packages\django\db\models\sql\compiler.py", line 1409, in execute_sql
    for sql, params in self.as_sql():
  File "D:\PythonProject\Zeyou\venv\lib\site-packages\django\db\models\sql\compiler.py", line 1354, in as_sql
    for obj in self.query.objs
  File "D:\PythonProject\Zeyou\venv\lib\site-packages\django\db\models\sql\compiler.py", line 1354, in <listcomp>
    for obj in self.query.objs
  File "D:\PythonProject\Zeyou\venv\lib\site-packages\django\db\models\sql\compiler.py", line 1353, in <listcomp>
    [self.prepare_value(field, self.pre_save_val(field, obj)) for field in fields]
  File "D:\PythonProject\Zeyou\venv\lib\site-packages\django\db\models\sql\compiler.py", line 1294, in prepare_value
    value = field.get_db_prep_save(value, connection=self.connection)
  File "D:\PythonProject\Zeyou\venv\lib\site-packages\django\db\models\fields\__init__.py", line 842, in get_db_prep_save
    return self.get_db_prep_value(value, connection=connection, prepared=False)
  File "D:\PythonProject\Zeyou\venv\lib\site-packages\django\db\models\fields\__init__.py", line 1271, in get_db_prep_value
    value = self.get_prep_value(value)
  File "D:\PythonProject\Zeyou\venv\lib\site-packages\django\db\models\fields\__init__.py", line 1266, in get_prep_value
    return self.to_python(value)
  File "D:\PythonProject\Zeyou\venv\lib\site-packages\django\db\models\fields\__init__.py", line 1228, in to_python
    parsed = parse_date(value)
  File "D:\PythonProject\Zeyou\venv\lib\site-packages\django\utils\dateparse.py", line 75, in parse_date
    match = date_re.match(value)
TypeError: expected string or bytes-like object
ERROR 2021-05-17 22:04:59,520 basehttp 161 "POST /parseexcel/ HTTP/1.1" 500 183557
INFO 2021-05-17 22:08:57,693 autoreload 250 D:\PythonProject\Zeyou\Zeyou\ZeyouSite\apps\users\views.py changed, reloading.
INFO 2021-05-17 22:08:58,557 autoreload 636 Watching for file changes with StatReloader
INFO 2021-05-17 22:09:01,346 basehttp 161 "POST /parseexcel/ HTTP/1.1" 200 46
INFO 2021-05-17 22:14:11,069 autoreload 250 D:\PythonProject\Zeyou\Zeyou\ZeyouSite\apps\users\views.py changed, reloading.
INFO 2021-05-17 22:14:11,868 autoreload 636 Watching for file changes with StatReloader
INFO 2021-05-17 22:14:15,196 basehttp 161 "POST /parseexcel/ HTTP/1.1" 200 46
INFO 2021-05-17 22:15:26,175 autoreload 250 D:\PythonProject\Zeyou\Zeyou\ZeyouSite\apps\users\views.py changed, reloading.
INFO 2021-05-17 22:15:27,193 autoreload 636 Watching for file changes with StatReloader
INFO 2021-05-17 22:15:50,402 autoreload 250 D:\PythonProject\Zeyou\Zeyou\ZeyouSite\apps\users\views.py changed, reloading.
INFO 2021-05-17 22:15:51,124 autoreload 636 Watching for file changes with StatReloader
ERROR 2021-05-17 22:16:10,170 log 230 Internal Server Error: /parseexcel/
Traceback (most recent call last):
  File "D:\PythonProject\Zeyou\venv\lib\site-packages\django\core\handlers\exception.py", line 47, in inner
    response = get_response(request)
  File "D:\PythonProject\Zeyou\venv\lib\site-packages\django\core\handlers\base.py", line 181, in _get_response
    response = wrapped_callback(request, *callback_args, **callback_kwargs)
  File "D:\PythonProject\Zeyou\venv\lib\site-packages\django\views\decorators\csrf.py", line 54, in wrapped_view
    return view_func(*args, **kwargs)
  File "D:\PythonProject\Zeyou\venv\lib\site-packages\django\views\generic\base.py", line 70, in view
    return self.dispatch(request, *args, **kwargs)
  File "D:\PythonProject\Zeyou\venv\lib\site-packages\rest_framework\views.py", line 509, in dispatch
    response = self.handle_exception(exc)
  File "D:\PythonProject\Zeyou\venv\lib\site-packages\rest_framework\views.py", line 469, in handle_exception
    self.raise_uncaught_exception(exc)
  File "D:\PythonProject\Zeyou\venv\lib\site-packages\rest_framework\views.py", line 480, in raise_uncaught_exception
    raise exc
  File "D:\PythonProject\Zeyou\venv\lib\site-packages\rest_framework\views.py", line 506, in dispatch
    response = handler(request, *args, **kwargs)
  File "D:\PythonProject\Zeyou\Zeyou\ZeyouSite\apps\users\views.py", line 251, in post
    Academy.objects.bulk_create(sqllist)
  File "D:\PythonProject\Zeyou\venv\lib\site-packages\django\db\models\manager.py", line 85, in manager_method
    return getattr(self.get_queryset(), name)(*args, **kwargs)
  File "D:\PythonProject\Zeyou\venv\lib\site-packages\django\db\models\query.py", line 515, in bulk_create
    objs_without_pk, fields, batch_size, ignore_conflicts=ignore_conflicts,
  File "D:\PythonProject\Zeyou\venv\lib\site-packages\django\db\models\query.py", line 1293, in _batched_insert
    self._insert(item, fields=fields, using=self.db, ignore_conflicts=ignore_conflicts)
  File "D:\PythonProject\Zeyou\venv\lib\site-packages\django\db\models\query.py", line 1270, in _insert
    return query.get_compiler(using=using).execute_sql(returning_fields)
  File "D:\PythonProject\Zeyou\venv\lib\site-packages\django\db\models\sql\compiler.py", line 1409, in execute_sql
    for sql, params in self.as_sql():
  File "D:\PythonProject\Zeyou\venv\lib\site-packages\django\db\models\sql\compiler.py", line 1354, in as_sql
    for obj in self.query.objs
  File "D:\PythonProject\Zeyou\venv\lib\site-packages\django\db\models\sql\compiler.py", line 1354, in <listcomp>
    for obj in self.query.objs
  File "D:\PythonProject\Zeyou\venv\lib\site-packages\django\db\models\sql\compiler.py", line 1353, in <listcomp>
    [self.prepare_value(field, self.pre_save_val(field, obj)) for field in fields]
  File "D:\PythonProject\Zeyou\venv\lib\site-packages\django\db\models\sql\compiler.py", line 1294, in prepare_value
    value = field.get_db_prep_save(value, connection=self.connection)
  File "D:\PythonProject\Zeyou\venv\lib\site-packages\django\db\models\fields\__init__.py", line 842, in get_db_prep_save
    return self.get_db_prep_value(value, connection=connection, prepared=False)
  File "D:\PythonProject\Zeyou\venv\lib\site-packages\django\db\models\fields\__init__.py", line 1271, in get_db_prep_value
    value = self.get_prep_value(value)
  File "D:\PythonProject\Zeyou\venv\lib\site-packages\django\db\models\fields\__init__.py", line 1266, in get_prep_value
    return self.to_python(value)
  File "D:\PythonProject\Zeyou\venv\lib\site-packages\django\db\models\fields\__init__.py", line 1228, in to_python
    parsed = parse_date(value)
  File "D:\PythonProject\Zeyou\venv\lib\site-packages\django\utils\dateparse.py", line 75, in parse_date
    match = date_re.match(value)
TypeError: expected string or bytes-like object
ERROR 2021-05-17 22:16:10,178 basehttp 161 "POST /parseexcel/ HTTP/1.1" 500 183557
INFO 2021-05-17 22:17:10,603 autoreload 636 Watching for file changes with StatReloader
ERROR 2021-05-17 22:17:13,808 log 230 Internal Server Error: /parseexcel/
Traceback (most recent call last):
  File "D:\PythonProject\Zeyou\venv\lib\site-packages\django\core\handlers\exception.py", line 47, in inner
    response = get_response(request)
  File "D:\PythonProject\Zeyou\venv\lib\site-packages\django\core\handlers\base.py", line 181, in _get_response
    response = wrapped_callback(request, *callback_args, **callback_kwargs)
  File "D:\PythonProject\Zeyou\venv\lib\site-packages\django\views\decorators\csrf.py", line 54, in wrapped_view
    return view_func(*args, **kwargs)
  File "D:\PythonProject\Zeyou\venv\lib\site-packages\django\views\generic\base.py", line 70, in view
    return self.dispatch(request, *args, **kwargs)
  File "D:\PythonProject\Zeyou\venv\lib\site-packages\rest_framework\views.py", line 509, in dispatch
    response = self.handle_exception(exc)
  File "D:\PythonProject\Zeyou\venv\lib\site-packages\rest_framework\views.py", line 469, in handle_exception
    self.raise_uncaught_exception(exc)
  File "D:\PythonProject\Zeyou\venv\lib\site-packages\rest_framework\views.py", line 480, in raise_uncaught_exception
    raise exc
  File "D:\PythonProject\Zeyou\venv\lib\site-packages\rest_framework\views.py", line 506, in dispatch
    response = handler(request, *args, **kwargs)
  File "D:\PythonProject\Zeyou\Zeyou\ZeyouSite\apps\users\views.py", line 251, in post
    Academy.objects.bulk_create(sqllist)
  File "D:\PythonProject\Zeyou\venv\lib\site-packages\django\db\models\manager.py", line 85, in manager_method
    return getattr(self.get_queryset(), name)(*args, **kwargs)
  File "D:\PythonProject\Zeyou\venv\lib\site-packages\django\db\models\query.py", line 515, in bulk_create
    objs_without_pk, fields, batch_size, ignore_conflicts=ignore_conflicts,
  File "D:\PythonProject\Zeyou\venv\lib\site-packages\django\db\models\query.py", line 1293, in _batched_insert
    self._insert(item, fields=fields, using=self.db, ignore_conflicts=ignore_conflicts)
  File "D:\PythonProject\Zeyou\venv\lib\site-packages\django\db\models\query.py", line 1270, in _insert
    return query.get_compiler(using=using).execute_sql(returning_fields)
  File "D:\PythonProject\Zeyou\venv\lib\site-packages\django\db\models\sql\compiler.py", line 1409, in execute_sql
    for sql, params in self.as_sql():
  File "D:\PythonProject\Zeyou\venv\lib\site-packages\django\db\models\sql\compiler.py", line 1354, in as_sql
    for obj in self.query.objs
  File "D:\PythonProject\Zeyou\venv\lib\site-packages\django\db\models\sql\compiler.py", line 1354, in <listcomp>
    for obj in self.query.objs
  File "D:\PythonProject\Zeyou\venv\lib\site-packages\django\db\models\sql\compiler.py", line 1353, in <listcomp>
    [self.prepare_value(field, self.pre_save_val(field, obj)) for field in fields]
  File "D:\PythonProject\Zeyou\venv\lib\site-packages\django\db\models\sql\compiler.py", line 1294, in prepare_value
    value = field.get_db_prep_save(value, connection=self.connection)
  File "D:\PythonProject\Zeyou\venv\lib\site-packages\django\db\models\fields\__init__.py", line 842, in get_db_prep_save
    return self.get_db_prep_value(value, connection=connection, prepared=False)
  File "D:\PythonProject\Zeyou\venv\lib\site-packages\django\db\models\fields\__init__.py", line 1271, in get_db_prep_value
    value = self.get_prep_value(value)
  File "D:\PythonProject\Zeyou\venv\lib\site-packages\django\db\models\fields\__init__.py", line 1266, in get_prep_value
    return self.to_python(value)
  File "D:\PythonProject\Zeyou\venv\lib\site-packages\django\db\models\fields\__init__.py", line 1228, in to_python
    parsed = parse_date(value)
  File "D:\PythonProject\Zeyou\venv\lib\site-packages\django\utils\dateparse.py", line 75, in parse_date
    match = date_re.match(value)
TypeError: expected string or bytes-like object
ERROR 2021-05-17 22:17:13,816 basehttp 161 "POST /parseexcel/ HTTP/1.1" 500 183557
INFO 2021-05-17 22:17:54,813 autoreload 636 Watching for file changes with StatReloader
INFO 2021-05-17 22:17:58,340 basehttp 161 "POST /parseexcel/ HTTP/1.1" 200 46
INFO 2021-05-17 22:19:41,153 autoreload 250 D:\PythonProject\Zeyou\Zeyou\ZeyouSite\apps\users\views.py changed, reloading.
INFO 2021-05-17 22:19:41,881 autoreload 636 Watching for file changes with StatReloader
INFO 2021-05-17 22:19:53,233 autoreload 250 D:\PythonProject\Zeyou\Zeyou\ZeyouSite\apps\users\views.py changed, reloading.
INFO 2021-05-17 22:19:53,931 autoreload 636 Watching for file changes with StatReloader
INFO 2021-05-17 22:19:55,593 autoreload 250 D:\PythonProject\Zeyou\Zeyou\ZeyouSite\apps\users\views.py changed, reloading.
INFO 2021-05-17 22:19:56,342 autoreload 636 Watching for file changes with StatReloader
INFO 2021-05-17 22:20:02,537 autoreload 250 D:\PythonProject\Zeyou\Zeyou\ZeyouSite\apps\users\views.py changed, reloading.
INFO 2021-05-17 22:20:03,283 autoreload 636 Watching for file changes with StatReloader
ERROR 2021-05-17 22:20:18,722 log 230 Internal Server Error: /parseexcel/
Traceback (most recent call last):
  File "D:\PythonProject\Zeyou\venv\lib\site-packages\django\core\handlers\exception.py", line 47, in inner
    response = get_response(request)
  File "D:\PythonProject\Zeyou\venv\lib\site-packages\django\core\handlers\base.py", line 181, in _get_response
    response = wrapped_callback(request, *callback_args, **callback_kwargs)
  File "D:\PythonProject\Zeyou\venv\lib\site-packages\django\views\decorators\csrf.py", line 54, in wrapped_view
    return view_func(*args, **kwargs)
  File "D:\PythonProject\Zeyou\venv\lib\site-packages\django\views\generic\base.py", line 70, in view
    return self.dispatch(request, *args, **kwargs)
  File "D:\PythonProject\Zeyou\venv\lib\site-packages\rest_framework\views.py", line 509, in dispatch
    response = self.handle_exception(exc)
  File "D:\PythonProject\Zeyou\venv\lib\site-packages\rest_framework\views.py", line 469, in handle_exception
    self.raise_uncaught_exception(exc)
  File "D:\PythonProject\Zeyou\venv\lib\site-packages\rest_framework\views.py", line 480, in raise_uncaught_exception
    raise exc
  File "D:\PythonProject\Zeyou\venv\lib\site-packages\rest_framework\views.py", line 506, in dispatch
    response = handler(request, *args, **kwargs)
  File "D:\PythonProject\Zeyou\Zeyou\ZeyouSite\apps\users\views.py", line 250, in post
    date_of_lecture=date_of_lecture, datehours_of_lecture=hours_of_lecture)
  File "D:\PythonProject\Zeyou\venv\lib\site-packages\django\db\models\base.py", line 503, in __init__
    raise TypeError("%s() got an unexpected keyword argument '%s'" % (cls.__name__, kwarg))
TypeError: Academy() got an unexpected keyword argument 'datehours_of_lecture'
ERROR 2021-05-17 22:20:18,728 basehttp 161 "POST /parseexcel/ HTTP/1.1" 500 117572
INFO 2021-05-17 22:20:33,843 autoreload 250 D:\PythonProject\Zeyou\Zeyou\ZeyouSite\apps\users\views.py changed, reloading.
INFO 2021-05-17 22:20:34,638 autoreload 636 Watching for file changes with StatReloader
INFO 2021-05-17 22:20:36,634 basehttp 161 "POST /parseexcel/ HTTP/1.1" 200 46
INFO 2021-05-17 22:21:23,546 autoreload 250 D:\PythonProject\Zeyou\Zeyou\ZeyouSite\apps\users\views.py changed, reloading.
INFO 2021-05-17 22:21:24,281 autoreload 636 Watching for file changes with StatReloader
INFO 2021-05-17 22:22:19,306 autoreload 250 D:\PythonProject\Zeyou\Zeyou\ZeyouSite\apps\users\views.py changed, reloading.
INFO 2021-05-17 22:22:20,183 autoreload 636 Watching for file changes with StatReloader
INFO 2021-05-17 22:22:31,076 basehttp 161 "POST /parseexcel/ HTTP/1.1" 200 46
INFO 2021-05-17 22:22:59,438 autoreload 250 D:\PythonProject\Zeyou\Zeyou\ZeyouSite\apps\users\views.py changed, reloading.
INFO 2021-05-17 22:23:00,183 autoreload 636 Watching for file changes with StatReloader
INFO 2021-05-17 22:23:07,234 autoreload 250 D:\PythonProject\Zeyou\Zeyou\ZeyouSite\apps\users\views.py changed, reloading.
INFO 2021-05-17 22:23:07,988 autoreload 636 Watching for file changes with StatReloader
INFO 2021-05-17 22:23:20,248 basehttp 161 "POST /parseexcel/ HTTP/1.1" 200 46
INFO 2021-05-17 22:24:43,671 autoreload 250 D:\PythonProject\Zeyou\Zeyou\ZeyouSite\apps\users\views.py changed, reloading.
INFO 2021-05-17 22:24:44,517 autoreload 636 Watching for file changes with StatReloader
INFO 2021-05-17 22:25:14,121 autoreload 250 D:\PythonProject\Zeyou\Zeyou\ZeyouSite\apps\users\views.py changed, reloading.
INFO 2021-05-17 22:25:15,194 autoreload 636 Watching for file changes with StatReloader
INFO 2021-05-17 22:25:31,802 basehttp 161 "POST /parseexcel/ HTTP/1.1" 200 46
INFO 2021-05-18 21:29:43,297 autoreload 636 Watching for file changes with StatReloader
INFO 2021-05-18 21:30:15,145 basehttp 161 "POST /parseexcel/ HTTP/1.1" 200 46
INFO 2021-05-18 21:35:12,170 autoreload 250 D:\PythonProject\Zeyou\Zeyou\ZeyouSite\apps\users\views.py changed, reloading.
INFO 2021-05-18 21:35:12,923 autoreload 636 Watching for file changes with StatReloader
INFO 2021-05-18 21:35:54,124 basehttp 161 "POST /parseexcel/ HTTP/1.1" 200 46
INFO 2021-05-18 21:36:10,068 autoreload 250 D:\PythonProject\Zeyou\Zeyou\ZeyouSite\apps\users\views.py changed, reloading.
INFO 2021-05-18 21:36:10,801 autoreload 636 Watching for file changes with StatReloader
INFO 2021-05-18 21:36:21,018 basehttp 161 "POST /parseexcel/ HTTP/1.1" 200 46
INFO 2021-05-18 21:36:45,586 autoreload 250 D:\PythonProject\Zeyou\Zeyou\ZeyouSite\apps\users\views.py changed, reloading.
INFO 2021-05-18 21:36:46,285 autoreload 636 Watching for file changes with StatReloader
INFO 2021-05-18 21:37:11,846 basehttp 161 "POST /parseexcel/ HTTP/1.1" 200 46
INFO 2021-05-18 21:37:34,890 autoreload 250 D:\PythonProject\Zeyou\Zeyou\ZeyouSite\apps\users\views.py changed, reloading.
INFO 2021-05-18 21:37:35,625 autoreload 636 Watching for file changes with StatReloader
INFO 2021-05-18 21:37:56,390 basehttp 161 "POST /parseexcel/ HTTP/1.1" 200 46
INFO 2021-05-18 21:38:22,118 autoreload 250 D:\PythonProject\Zeyou\Zeyou\ZeyouSite\apps\users\views.py changed, reloading.
INFO 2021-05-18 21:38:22,933 autoreload 636 Watching for file changes with StatReloader
INFO 2021-05-18 21:38:25,655 autoreload 250 D:\PythonProject\Zeyou\Zeyou\ZeyouSite\apps\users\views.py changed, reloading.
INFO 2021-05-18 21:38:26,513 autoreload 636 Watching for file changes with StatReloader
INFO 2021-05-18 21:38:33,472 autoreload 250 D:\PythonProject\Zeyou\Zeyou\ZeyouSite\apps\users\views.py changed, reloading.
INFO 2021-05-18 21:38:34,312 autoreload 636 Watching for file changes with StatReloader
INFO 2021-05-18 21:38:41,323 autoreload 250 D:\PythonProject\Zeyou\Zeyou\ZeyouSite\apps\users\views.py changed, reloading.
INFO 2021-05-18 21:38:42,088 autoreload 636 Watching for file changes with StatReloader
INFO 2021-05-18 21:38:59,536 basehttp 161 "POST /parseexcel/ HTTP/1.1" 200 46
INFO 2021-05-18 21:40:38,451 autoreload 636 Watching for file changes with StatReloader
INFO 2021-05-18 21:40:56,085 autoreload 250 D:\PythonProject\Zeyou\Zeyou\ZeyouSite\apps\users\views.py changed, reloading.
INFO 2021-05-18 21:40:56,785 autoreload 636 Watching for file changes with StatReloader
INFO 2021-05-18 21:40:59,944 basehttp 161 "POST /parseexcel/ HTTP/1.1" 200 46
INFO 2021-05-18 21:42:44,851 autoreload 250 D:\PythonProject\Zeyou\Zeyou\ZeyouSite\apps\users\views.py changed, reloading.
INFO 2021-05-18 21:42:45,560 autoreload 636 Watching for file changes with StatReloader
ERROR 2021-05-18 21:43:09,143 log 230 Internal Server Error: /parseexcel/
Traceback (most recent call last):
  File "D:\PythonProject\Zeyou\venv\lib\site-packages\django\core\handlers\exception.py", line 47, in inner
    response = get_response(request)
  File "D:\PythonProject\Zeyou\venv\lib\site-packages\django\core\handlers\base.py", line 181, in _get_response
    response = wrapped_callback(request, *callback_args, **callback_kwargs)
  File "D:\PythonProject\Zeyou\venv\lib\site-packages\django\views\decorators\csrf.py", line 54, in wrapped_view
    return view_func(*args, **kwargs)
  File "D:\PythonProject\Zeyou\venv\lib\site-packages\django\views\generic\base.py", line 70, in view
    return self.dispatch(request, *args, **kwargs)
  File "D:\PythonProject\Zeyou\venv\lib\site-packages\rest_framework\views.py", line 509, in dispatch
    response = self.handle_exception(exc)
  File "D:\PythonProject\Zeyou\venv\lib\site-packages\rest_framework\views.py", line 469, in handle_exception
    self.raise_uncaught_exception(exc)
  File "D:\PythonProject\Zeyou\venv\lib\site-packages\rest_framework\views.py", line 480, in raise_uncaught_exception
    raise exc
  File "D:\PythonProject\Zeyou\venv\lib\site-packages\rest_framework\views.py", line 506, in dispatch
    response = handler(request, *args, **kwargs)
  File "D:\PythonProject\Zeyou\Zeyou\ZeyouSite\apps\users\views.py", line 146, in post
    maxrow = sheet.max_row
AttributeError: 'str' object has no attribute 'max_row'
ERROR 2021-05-18 21:43:09,147 basehttp 161 "POST /parseexcel/ HTTP/1.1" 500 99902
INFO 2021-05-18 21:43:23,558 autoreload 250 D:\PythonProject\Zeyou\Zeyou\ZeyouSite\apps\users\views.py changed, reloading.
INFO 2021-05-18 21:43:24,350 autoreload 636 Watching for file changes with StatReloader
INFO 2021-05-18 21:44:53,268 autoreload 250 D:\PythonProject\Zeyou\Zeyou\ZeyouSite\apps\users\views.py changed, reloading.
INFO 2021-05-18 21:44:53,981 autoreload 636 Watching for file changes with StatReloader
INFO 2021-05-18 21:44:58,016 basehttp 161 "POST /parseexcel/ HTTP/1.1" 200 46
INFO 2021-05-18 21:45:12,902 autoreload 250 D:\PythonProject\Zeyou\Zeyou\ZeyouSite\apps\users\views.py changed, reloading.
INFO 2021-05-18 21:45:13,603 autoreload 636 Watching for file changes with StatReloader
INFO 2021-05-18 21:45:22,699 autoreload 250 D:\PythonProject\Zeyou\Zeyou\ZeyouSite\apps\users\views.py changed, reloading.
INFO 2021-05-18 21:45:23,490 autoreload 636 Watching for file changes with StatReloader
INFO 2021-05-18 21:46:09,827 autoreload 250 D:\PythonProject\Zeyou\Zeyou\ZeyouSite\apps\users\views.py changed, reloading.
INFO 2021-05-18 21:46:10,589 autoreload 636 Watching for file changes with StatReloader
ERROR 2021-05-18 21:46:14,685 log 230 Internal Server Error: /parseexcel/
Traceback (most recent call last):
  File "D:\PythonProject\Zeyou\venv\lib\site-packages\django\db\backends\utils.py", line 84, in _execute
    return self.cursor.execute(sql, params)
  File "D:\PythonProject\Zeyou\venv\lib\site-packages\django\db\backends\sqlite3\base.py", line 423, in execute
    return Database.Cursor.execute(self, query, params)
sqlite3.IntegrityError: UNIQUE constraint failed: users_student.wechat_num

The above exception was the direct cause of the following exception:

Traceback (most recent call last):
  File "D:\PythonProject\Zeyou\venv\lib\site-packages\django\core\handlers\exception.py", line 47, in inner
    response = get_response(request)
  File "D:\PythonProject\Zeyou\venv\lib\site-packages\django\core\handlers\base.py", line 181, in _get_response
    response = wrapped_callback(request, *callback_args, **callback_kwargs)
  File "D:\PythonProject\Zeyou\venv\lib\site-packages\django\views\decorators\csrf.py", line 54, in wrapped_view
    return view_func(*args, **kwargs)
  File "D:\PythonProject\Zeyou\venv\lib\site-packages\django\views\generic\base.py", line 70, in view
    return self.dispatch(request, *args, **kwargs)
  File "D:\PythonProject\Zeyou\venv\lib\site-packages\rest_framework\views.py", line 509, in dispatch
    response = self.handle_exception(exc)
  File "D:\PythonProject\Zeyou\venv\lib\site-packages\rest_framework\views.py", line 469, in handle_exception
    self.raise_uncaught_exception(exc)
  File "D:\PythonProject\Zeyou\venv\lib\site-packages\rest_framework\views.py", line 480, in raise_uncaught_exception
    raise exc
  File "D:\PythonProject\Zeyou\venv\lib\site-packages\rest_framework\views.py", line 506, in dispatch
    response = handler(request, *args, **kwargs)
  File "D:\PythonProject\Zeyou\Zeyou\ZeyouSite\apps\users\views.py", line 233, in post
    Student.objects.bulk_create(sqllist)
  File "D:\PythonProject\Zeyou\venv\lib\site-packages\django\db\models\manager.py", line 85, in manager_method
    return getattr(self.get_queryset(), name)(*args, **kwargs)
  File "D:\PythonProject\Zeyou\venv\lib\site-packages\django\db\models\query.py", line 515, in bulk_create
    objs_without_pk, fields, batch_size, ignore_conflicts=ignore_conflicts,
  File "D:\PythonProject\Zeyou\venv\lib\site-packages\django\db\models\query.py", line 1293, in _batched_insert
    self._insert(item, fields=fields, using=self.db, ignore_conflicts=ignore_conflicts)
  File "D:\PythonProject\Zeyou\venv\lib\site-packages\django\db\models\query.py", line 1270, in _insert
    return query.get_compiler(using=using).execute_sql(returning_fields)
  File "D:\PythonProject\Zeyou\venv\lib\site-packages\django\db\models\sql\compiler.py", line 1410, in execute_sql
    cursor.execute(sql, params)
  File "D:\PythonProject\Zeyou\venv\lib\site-packages\django\db\backends\utils.py", line 98, in execute
    return super().execute(sql, params)
  File "D:\PythonProject\Zeyou\venv\lib\site-packages\django\db\backends\utils.py", line 66, in execute
    return self._execute_with_wrappers(sql, params, many=False, executor=self._execute)
  File "D:\PythonProject\Zeyou\venv\lib\site-packages\django\db\backends\utils.py", line 75, in _execute_with_wrappers
    return executor(sql, params, many, context)
  File "D:\PythonProject\Zeyou\venv\lib\site-packages\django\db\backends\utils.py", line 84, in _execute
    return self.cursor.execute(sql, params)
  File "D:\PythonProject\Zeyou\venv\lib\site-packages\django\db\utils.py", line 90, in __exit__
    raise dj_exc_value.with_traceback(traceback) from exc_value
  File "D:\PythonProject\Zeyou\venv\lib\site-packages\django\db\backends\utils.py", line 84, in _execute
    return self.cursor.execute(sql, params)
  File "D:\PythonProject\Zeyou\venv\lib\site-packages\django\db\backends\sqlite3\base.py", line 423, in execute
    return Database.Cursor.execute(self, query, params)
django.db.utils.IntegrityError: UNIQUE constraint failed: users_student.wechat_num
ERROR 2021-05-18 21:46:14,696 basehttp 161 "POST /parseexcel/ HTTP/1.1" 500 331006
INFO 2021-05-18 21:46:40,717 autoreload 636 Watching for file changes with StatReloader
INFO 2021-05-18 21:46:54,694 basehttp 161 "POST /parseexcel/ HTTP/1.1" 200 46
INFO 2021-05-18 21:48:10,684 autoreload 250 D:\PythonProject\Zeyou\Zeyou\ZeyouSite\apps\users\views.py changed, reloading.
INFO 2021-05-18 21:48:11,408 autoreload 636 Watching for file changes with StatReloader
INFO 2021-05-18 21:48:21,331 autoreload 636 Watching for file changes with StatReloader
ERROR 2021-05-18 21:48:29,856 log 230 Internal Server Error: /parseexcel/
Traceback (most recent call last):
  File "D:\PythonProject\Zeyou\venv\lib\site-packages\django\db\backends\utils.py", line 84, in _execute
    return self.cursor.execute(sql, params)
  File "D:\PythonProject\Zeyou\venv\lib\site-packages\django\db\backends\sqlite3\base.py", line 423, in execute
    return Database.Cursor.execute(self, query, params)
sqlite3.IntegrityError: UNIQUE constraint failed: users_student.wechat_num

The above exception was the direct cause of the following exception:

Traceback (most recent call last):
  File "D:\PythonProject\Zeyou\venv\lib\site-packages\django\core\handlers\exception.py", line 47, in inner
    response = get_response(request)
  File "D:\PythonProject\Zeyou\venv\lib\site-packages\django\core\handlers\base.py", line 181, in _get_response
    response = wrapped_callback(request, *callback_args, **callback_kwargs)
  File "D:\PythonProject\Zeyou\venv\lib\site-packages\django\views\decorators\csrf.py", line 54, in wrapped_view
    return view_func(*args, **kwargs)
  File "D:\PythonProject\Zeyou\venv\lib\site-packages\django\views\generic\base.py", line 70, in view
    return self.dispatch(request, *args, **kwargs)
  File "D:\PythonProject\Zeyou\venv\lib\site-packages\rest_framework\views.py", line 509, in dispatch
    response = self.handle_exception(exc)
  File "D:\PythonProject\Zeyou\venv\lib\site-packages\rest_framework\views.py", line 469, in handle_exception
    self.raise_uncaught_exception(exc)
  File "D:\PythonProject\Zeyou\venv\lib\site-packages\rest_framework\views.py", line 480, in raise_uncaught_exception
    raise exc
  File "D:\PythonProject\Zeyou\venv\lib\site-packages\rest_framework\views.py", line 506, in dispatch
    response = handler(request, *args, **kwargs)
  File "D:\PythonProject\Zeyou\Zeyou\ZeyouSite\apps\users\views.py", line 234, in post
    Student.objects.bulk_create(sqllist)
  File "D:\PythonProject\Zeyou\venv\lib\site-packages\django\db\models\manager.py", line 85, in manager_method
    return getattr(self.get_queryset(), name)(*args, **kwargs)
  File "D:\PythonProject\Zeyou\venv\lib\site-packages\django\db\models\query.py", line 515, in bulk_create
    objs_without_pk, fields, batch_size, ignore_conflicts=ignore_conflicts,
  File "D:\PythonProject\Zeyou\venv\lib\site-packages\django\db\models\query.py", line 1293, in _batched_insert
    self._insert(item, fields=fields, using=self.db, ignore_conflicts=ignore_conflicts)
  File "D:\PythonProject\Zeyou\venv\lib\site-packages\django\db\models\query.py", line 1270, in _insert
    return query.get_compiler(using=using).execute_sql(returning_fields)
  File "D:\PythonProject\Zeyou\venv\lib\site-packages\django\db\models\sql\compiler.py", line 1410, in execute_sql
    cursor.execute(sql, params)
  File "D:\PythonProject\Zeyou\venv\lib\site-packages\django\db\backends\utils.py", line 98, in execute
    return super().execute(sql, params)
  File "D:\PythonProject\Zeyou\venv\lib\site-packages\django\db\backends\utils.py", line 66, in execute
    return self._execute_with_wrappers(sql, params, many=False, executor=self._execute)
  File "D:\PythonProject\Zeyou\venv\lib\site-packages\django\db\backends\utils.py", line 75, in _execute_with_wrappers
    return executor(sql, params, many, context)
  File "D:\PythonProject\Zeyou\venv\lib\site-packages\django\db\backends\utils.py", line 84, in _execute
    return self.cursor.execute(sql, params)
  File "D:\PythonProject\Zeyou\venv\lib\site-packages\django\db\utils.py", line 90, in __exit__
    raise dj_exc_value.with_traceback(traceback) from exc_value
  File "D:\PythonProject\Zeyou\venv\lib\site-packages\django\db\backends\utils.py", line 84, in _execute
    return self.cursor.execute(sql, params)
  File "D:\PythonProject\Zeyou\venv\lib\site-packages\django\db\backends\sqlite3\base.py", line 423, in execute
    return Database.Cursor.execute(self, query, params)
django.db.utils.IntegrityError: UNIQUE constraint failed: users_student.wechat_num
ERROR 2021-05-18 21:48:29,865 basehttp 161 "POST /parseexcel/ HTTP/1.1" 500 331006
INFO 2021-05-18 21:48:57,686 autoreload 636 Watching for file changes with StatReloader
INFO 2021-05-18 21:49:00,859 basehttp 161 "POST /parseexcel/ HTTP/1.1" 200 46
INFO 2021-05-18 21:49:37,653 autoreload 250 D:\PythonProject\Zeyou\Zeyou\ZeyouSite\apps\users\views.py changed, reloading.
INFO 2021-05-18 21:49:38,405 autoreload 636 Watching for file changes with StatReloader
INFO 2021-05-18 21:49:55,350 basehttp 161 "POST /parseexcel/ HTTP/1.1" 200 46
INFO 2021-05-18 21:53:39,351 autoreload 250 D:\PythonProject\Zeyou\Zeyou\ZeyouSite\apps\users\views.py changed, reloading.
INFO 2021-05-18 21:53:40,406 autoreload 636 Watching for file changes with StatReloader
INFO 2021-05-18 21:53:44,518 basehttp 161 "POST /parseexcel/ HTTP/1.1" 200 46
INFO 2021-05-18 21:55:33,935 autoreload 250 D:\PythonProject\Zeyou\Zeyou\ZeyouSite\apps\users\views.py changed, reloading.
INFO 2021-05-18 21:55:34,638 autoreload 636 Watching for file changes with StatReloader
INFO 2021-05-18 21:55:53,924 basehttp 161 "POST /parseexcel/ HTTP/1.1" 200 46
INFO 2021-05-18 21:57:36,595 autoreload 250 D:\PythonProject\Zeyou\Zeyou\ZeyouSite\apps\users\views.py changed, reloading.
INFO 2021-05-18 21:57:37,447 autoreload 636 Watching for file changes with StatReloader
INFO 2021-05-18 21:57:52,588 basehttp 161 "POST /parseexcel/ HTTP/1.1" 200 46
INFO 2021-05-18 21:58:36,848 autoreload 250 D:\PythonProject\Zeyou\Zeyou\ZeyouSite\apps\users\views.py changed, reloading.
INFO 2021-05-18 21:58:37,884 autoreload 636 Watching for file changes with StatReloader
INFO 2021-05-18 21:58:48,093 autoreload 250 D:\PythonProject\Zeyou\Zeyou\ZeyouSite\apps\users\views.py changed, reloading.
INFO 2021-05-18 21:58:48,827 autoreload 636 Watching for file changes with StatReloader
INFO 2021-05-18 21:59:01,109 autoreload 250 D:\PythonProject\Zeyou\Zeyou\ZeyouSite\apps\users\views.py changed, reloading.
INFO 2021-05-18 21:59:01,944 autoreload 636 Watching for file changes with StatReloader
INFO 2021-05-18 21:59:11,166 autoreload 250 D:\PythonProject\Zeyou\Zeyou\ZeyouSite\apps\users\views.py changed, reloading.
INFO 2021-05-18 21:59:11,895 autoreload 636 Watching for file changes with StatReloader
INFO 2021-05-18 21:59:32,687 autoreload 250 D:\PythonProject\Zeyou\Zeyou\ZeyouSite\apps\users\views.py changed, reloading.
INFO 2021-05-18 21:59:33,391 autoreload 636 Watching for file changes with StatReloader
ERROR 2021-05-18 21:59:39,324 log 230 Internal Server Error: /parseexcel/
Traceback (most recent call last):
  File "D:\PythonProject\Zeyou\venv\lib\site-packages\django\db\backends\utils.py", line 84, in _execute
    return self.cursor.execute(sql, params)
  File "D:\PythonProject\Zeyou\venv\lib\site-packages\django\db\backends\sqlite3\base.py", line 423, in execute
    return Database.Cursor.execute(self, query, params)
sqlite3.IntegrityError: UNIQUE constraint failed: users_student.wechat_num

The above exception was the direct cause of the following exception:

Traceback (most recent call last):
  File "D:\PythonProject\Zeyou\venv\lib\site-packages\django\core\handlers\exception.py", line 47, in inner
    response = get_response(request)
  File "D:\PythonProject\Zeyou\venv\lib\site-packages\django\core\handlers\base.py", line 181, in _get_response
    response = wrapped_callback(request, *callback_args, **callback_kwargs)
  File "D:\PythonProject\Zeyou\venv\lib\site-packages\django\views\decorators\csrf.py", line 54, in wrapped_view
    return view_func(*args, **kwargs)
  File "D:\PythonProject\Zeyou\venv\lib\site-packages\django\views\generic\base.py", line 70, in view
    return self.dispatch(request, *args, **kwargs)
  File "D:\PythonProject\Zeyou\venv\lib\site-packages\rest_framework\views.py", line 509, in dispatch
    response = self.handle_exception(exc)
  File "D:\PythonProject\Zeyou\venv\lib\site-packages\rest_framework\views.py", line 469, in handle_exception
    self.raise_uncaught_exception(exc)
  File "D:\PythonProject\Zeyou\venv\lib\site-packages\rest_framework\views.py", line 480, in raise_uncaught_exception
    raise exc
  File "D:\PythonProject\Zeyou\venv\lib\site-packages\rest_framework\views.py", line 506, in dispatch
    response = handler(request, *args, **kwargs)
  File "D:\PythonProject\Zeyou\Zeyou\ZeyouSite\apps\users\views.py", line 235, in post
    Student.objects.bulk_create(sqllist)
  File "D:\PythonProject\Zeyou\venv\lib\site-packages\django\db\models\manager.py", line 85, in manager_method
    return getattr(self.get_queryset(), name)(*args, **kwargs)
  File "D:\PythonProject\Zeyou\venv\lib\site-packages\django\db\models\query.py", line 515, in bulk_create
    objs_without_pk, fields, batch_size, ignore_conflicts=ignore_conflicts,
  File "D:\PythonProject\Zeyou\venv\lib\site-packages\django\db\models\query.py", line 1293, in _batched_insert
    self._insert(item, fields=fields, using=self.db, ignore_conflicts=ignore_conflicts)
  File "D:\PythonProject\Zeyou\venv\lib\site-packages\django\db\models\query.py", line 1270, in _insert
    return query.get_compiler(using=using).execute_sql(returning_fields)
  File "D:\PythonProject\Zeyou\venv\lib\site-packages\django\db\models\sql\compiler.py", line 1410, in execute_sql
    cursor.execute(sql, params)
  File "D:\PythonProject\Zeyou\venv\lib\site-packages\django\db\backends\utils.py", line 98, in execute
    return super().execute(sql, params)
  File "D:\PythonProject\Zeyou\venv\lib\site-packages\django\db\backends\utils.py", line 66, in execute
    return self._execute_with_wrappers(sql, params, many=False, executor=self._execute)
  File "D:\PythonProject\Zeyou\venv\lib\site-packages\django\db\backends\utils.py", line 75, in _execute_with_wrappers
    return executor(sql, params, many, context)
  File "D:\PythonProject\Zeyou\venv\lib\site-packages\django\db\backends\utils.py", line 84, in _execute
    return self.cursor.execute(sql, params)
  File "D:\PythonProject\Zeyou\venv\lib\site-packages\django\db\utils.py", line 90, in __exit__
    raise dj_exc_value.with_traceback(traceback) from exc_value
  File "D:\PythonProject\Zeyou\venv\lib\site-packages\django\db\backends\utils.py", line 84, in _execute
    return self.cursor.execute(sql, params)
  File "D:\PythonProject\Zeyou\venv\lib\site-packages\django\db\backends\sqlite3\base.py", line 423, in execute
    return Database.Cursor.execute(self, query, params)
django.db.utils.IntegrityError: UNIQUE constraint failed: users_student.wechat_num
ERROR 2021-05-18 21:59:39,335 basehttp 161 "POST /parseexcel/ HTTP/1.1" 500 331014
INFO 2021-05-18 22:00:00,384 autoreload 636 Watching for file changes with StatReloader
INFO 2021-05-18 22:00:03,731 basehttp 161 "POST /parseexcel/ HTTP/1.1" 200 46
INFO 2021-05-18 22:01:10,223 autoreload 250 D:\PythonProject\Zeyou\Zeyou\ZeyouSite\apps\users\views.py changed, reloading.
INFO 2021-05-18 22:01:11,040 autoreload 636 Watching for file changes with StatReloader
INFO 2021-05-18 22:01:16,961 autoreload 250 D:\PythonProject\Zeyou\Zeyou\ZeyouSite\apps\users\views.py changed, reloading.
INFO 2021-05-18 22:01:17,770 autoreload 636 Watching for file changes with StatReloader
ERROR 2021-05-18 22:01:31,605 log 230 Internal Server Error: /parseexcel/
Traceback (most recent call last):
  File "D:\PythonProject\Zeyou\venv\lib\site-packages\django\core\handlers\exception.py", line 47, in inner
    response = get_response(request)
  File "D:\PythonProject\Zeyou\venv\lib\site-packages\django\core\handlers\base.py", line 181, in _get_response
    response = wrapped_callback(request, *callback_args, **callback_kwargs)
  File "D:\PythonProject\Zeyou\venv\lib\site-packages\django\views\decorators\csrf.py", line 54, in wrapped_view
    return view_func(*args, **kwargs)
  File "D:\PythonProject\Zeyou\venv\lib\site-packages\django\views\generic\base.py", line 70, in view
    return self.dispatch(request, *args, **kwargs)
  File "D:\PythonProject\Zeyou\venv\lib\site-packages\rest_framework\views.py", line 509, in dispatch
    response = self.handle_exception(exc)
  File "D:\PythonProject\Zeyou\venv\lib\site-packages\rest_framework\views.py", line 469, in handle_exception
    self.raise_uncaught_exception(exc)
  File "D:\PythonProject\Zeyou\venv\lib\site-packages\rest_framework\views.py", line 480, in raise_uncaught_exception
    raise exc
  File "D:\PythonProject\Zeyou\venv\lib\site-packages\rest_framework\views.py", line 506, in dispatch
    response = handler(request, *args, **kwargs)
  File "D:\PythonProject\Zeyou\Zeyou\ZeyouSite\apps\users\views.py", line 256, in post
    dtime = xlrd.xldate_as_tuple(r[key], 0)  # 
  File "D:\PythonProject\Zeyou\venv\lib\site-packages\xlrd\xldate.py", line 95, in xldate_as_tuple
    if xldate < 0.00:
TypeError: '<' not supported between instances of 'str' and 'float'
ERROR 2021-05-18 22:01:31,609 basehttp 161 "POST /parseexcel/ HTTP/1.1" 500 113911
INFO 2021-05-18 22:02:03,177 autoreload 250 D:\PythonProject\Zeyou\Zeyou\ZeyouSite\apps\users\views.py changed, reloading.
INFO 2021-05-18 22:02:03,922 autoreload 636 Watching for file changes with StatReloader
INFO 2021-05-18 22:02:08,919 autoreload 250 D:\PythonProject\Zeyou\Zeyou\ZeyouSite\apps\users\views.py changed, reloading.
INFO 2021-05-18 22:02:09,641 autoreload 636 Watching for file changes with StatReloader
INFO 2021-05-18 22:03:24,576 autoreload 250 D:\PythonProject\Zeyou\Zeyou\ZeyouSite\apps\users\views.py changed, reloading.
INFO 2021-05-18 22:03:25,316 autoreload 636 Watching for file changes with StatReloader
INFO 2021-05-18 22:03:31,754 autoreload 636 Watching for file changes with StatReloader
INFO 2021-05-18 22:03:42,560 basehttp 161 "POST /parseexcel/ HTTP/1.1" 200 46
INFO 2021-05-18 22:05:25,354 autoreload 250 D:\PythonProject\Zeyou\Zeyou\ZeyouSite\apps\users\views.py changed, reloading.
INFO 2021-05-18 22:05:26,092 autoreload 636 Watching for file changes with StatReloader
INFO 2021-05-18 22:06:21,554 basehttp 161 "POST /parseexcel/ HTTP/1.1" 200 46
INFO 2021-05-18 22:12:13,778 autoreload 250 D:\PythonProject\Zeyou\Zeyou\ZeyouSite\apps\users\views.py changed, reloading.
INFO 2021-05-18 22:12:14,358 autoreload 636 Watching for file changes with StatReloader
